[0mGET /todos/5c07548ae90dfcf2c30a81c1 [33m404 [0m8.090 ms - 169[0m
[0mGET / [36m304 [0m31.701 ms - -[0m
[0mGET /todos/5c0775367a97a0fc6a77a64b [33m404 [0m9.332 ms - 169[0m
[0mGET / [36m304 [0m30.031 ms - -[0m
[0mGET / [32m200 [0m5.189 ms - 5415[0m
[0mGET /list [32m200 [0m51.264 ms - 10987[0m
[0mGET /add [32m200 [0m11.359 ms - 4179[0m
[0mGET /list [36m304 [0m8.143 ms - -[0m
[0mGET /add [36m304 [0m3.179 ms - -[0m
[0mGET /list [36m304 [0m5.702 ms - -[0m
[0mGET / [36m304 [0m1.968 ms - -[0m
[0mGET / [36m304 [0m20.536 ms - -[0m
[0mGET / [36m304 [0m3.726 ms - -[0m
[0mGET / [36m304 [0m26.647 ms - -[0m
[0mGET /wish/add [31m500 [0m5.440 ms - 2159[0m
[0mGET /wish/add [31m500 [0m5.440 ms - 2159[0m
[0mGET /add [36m304 [0m29.179 ms - -[0m
[0mGET /add [36m304 [0m33.646 ms - -[0m
[0mGET /adds [31m500 [0m5.040 ms - 2159[0m
[0mGET /adds [31m500 [0m5.040 ms - 2159[0m
[0mGET /add [33m404 [0m2.618 ms - 142[0m
[0mGET / [36m304 [0m22.348 ms - -[0m
[0mGET /adds [31m500 [0m2.089 ms - 2159[0m
[0mGET /todo/list [32m200 [0m44.943 ms - 10987[0m
[0mGET /todo/css/common.css [33m404 [0m1.137 ms - 158[0m
[0mGET /todo/logo.png [33m404 [0m0.460 ms - 152[0m
[0mGET /todo/js/list.js [33m404 [0m0.241 ms - 154[0m
[0mGET /todo/facebook.png [33m404 [0m0.239 ms - 156[0m
[0mGET /todo/twitter.png [33m404 [0m0.378 ms - 155[0m
[0mGET /todo/github.png [33m404 [0m0.236 ms - 154[0m
[0mGET /todo/linkedin.png [33m404 [0m0.223 ms - 156[0m
[0mGET /todo/js/list.js [33m404 [0m0.312 ms - 154[0m
[0mGET /wish/add [33m404 [0m2.297 ms - 147[0m
[0mGET /wish/addWish [31m500 [0m2.168 ms - 2159[0m
[0mGET /wish/addWish [32m200 [0m32.980 ms - 1902[0m
[0mGET /wish/css/common.css [33m404 [0m3.169 ms - 158[0m
[0mGET /wish/css/common.css [33m404 [0m1.018 ms - 158[0m
[0mGET /wish/addWish [32m200 [0m7.873 ms - 2952[0m
[0mGET /wish/css/common.css [33m404 [0m0.501 ms - 158[0m
[0mGET /wish/logo.png [33m404 [0m0.298 ms - 152[0m
[0mGET /wish/css/common.css [33m404 [0m0.222 ms - 158[0m
[0mGET /wish/css/common.css [33m404 [0m0.224 ms - 158[0m
[0mGET /wish/addWish [32m200 [0m21.833 ms - 2950[0m
[0mGET /wish/css/common.css [33m404 [0m3.491 ms - 158[0m
[0mGET /wish/logo.png [33m404 [0m0.391 ms - 152[0m
[0mGET /wish/addWish [36m304 [0m3.818 ms - -[0m
[0mGET /wish/css/common.css [33m404 [0m0.241 ms - 158[0m
[0mGET /wish/logo.png [33m404 [0m0.207 ms - 152[0m
[0mGET /wish/css/common.css [33m404 [0m0.319 ms - 158[0m
[0mGET /wish/logo.png [33m404 [0m0.615 ms - 152[0m
[0mGET /wish/addWish [32m200 [0m23.936 ms - 2952[0m
[0mGET /wish/css/common.css [33m404 [0m3.098 ms - 158[0m
[0mGET /wish/logo.png [33m404 [0m0.570 ms - 152[0m
[0mGET /wish/addWish [36m304 [0m3.020 ms - -[0m
[0mGET /wish/logo.png [33m404 [0m0.301 ms - 152[0m
[0mGET /wish/css/common.css [33m404 [0m0.166 ms - 158[0m
[0mGET /wish/addWish [36m304 [0m21.761 ms - -[0m
[0mGET /wish/logo.png [33m404 [0m2.794 ms - 152[0m
[0mGET /wish/css/common.css [33m404 [0m0.763 ms - 158[0m
[0mGET /wish/css/common.css [33m404 [0m0.701 ms - 158[0m
[0mGET /wish/logo.png [33m404 [0m0.658 ms - 152[0m
[0mGET /wish/css/common.css [33m404 [0m0.460 ms - 158[0m
[0mGET /wish/addWish [32m200 [0m21.447 ms - 2951[0m
[0mGET /wish/logo.png [33m404 [0m3.299 ms - 152[0m
[0mGET /wish/addWish [36m304 [0m8.984 ms - -[0m
[0mGET /wish/logo.png [33m404 [0m0.514 ms - 152[0m
[0mGET /wish/addWish [36m304 [0m22.673 ms - -[0m
[0mGET /wish/logo.png [33m404 [0m2.639 ms - 152[0m
[0mGET /wish/addWish [36m304 [0m3.835 ms - -[0m
[0mGET /wish/logo.png [33m404 [0m0.425 ms - 152[0m
[0mGET /wish/addWish [36m304 [0m25.322 ms - -[0m
[0mGET /wish/logo.png [33m404 [0m2.858 ms - 152[0m
[0mGET /wish/addWish [36m304 [0m14.381 ms - -[0m
[0mGET /wish/logo.png [33m404 [0m2.536 ms - 152[0m
[0mGET /wish/addWish [32m200 [0m10.610 ms - 2957[0m
[0mGET /wish/addWish [32m200 [0m3.956 ms - 3081[0m
[0mGET /wish/addWish [32m200 [0m2.323 ms - 3188[0m
[0mGET /todo/add [32m200 [0m7.316 ms - 4212[0m
[0mGET /wish/addWish [32m200 [0m2.161 ms - 3185[0m
[0mGET /wish/add [33m404 [0m0.709 ms - 147[0m
[0mGET /wish/add [32m200 [0m33.314 ms - 3185[0m
[0mGET /wish/add [32m200 [0m5.011 ms - 3212[0m
[0mGET /wish/add [36m304 [0m44.245 ms - -[0m
[0mGET /wish/add [36m304 [0m5.585 ms - -[0m
[0mGET /wish/addWish [33m404 [0m4.804 ms - 151[0m
[0mGET /wish/add [36m304 [0m3.556 ms - -[0m
[0mGET /wish/add [36m304 [0m24.197 ms - -[0m
[0mGET /wish/add [32m200 [0m4.910 ms - 5256[0m
[0mGET /wish/add [32m200 [0m5.125 ms - 5289[0m
[0mGET /wish/add [32m200 [0m4.345 ms - 5768[0m
[0mGET /wish/add [36m304 [0m2.693 ms - -[0m
[0mGET /wish/add [36m304 [0m2.856 ms - -[0m
[0mGET /wish/add [32m200 [0m2.265 ms - 5768[0m
[0mGET /wish/add [32m200 [0m2.174 ms - 5768[0m
[0mGET /wish/add [32m200 [0m3.883 ms - 5892[0m
[0mGET /wish/add [36m304 [0m3.307 ms - -[0m
[0mGET /wish/add [32m200 [0m3.749 ms - 5892[0m
[0mGET /wish/add [32m200 [0m3.410 ms - 5946[0m
[0mGET /wish/add [32m200 [0m2.678 ms - 5985[0m
[0mGET /wish/add [32m200 [0m4.496 ms - 5780[0m
[0mGET /wish/add [36m304 [0m3.840 ms - -[0m
[0mGET /wish/add [32m200 [0m1.967 ms - 5780[0m
[0mGET /wish/add [32m200 [0m2.906 ms - 5725[0m
[0mGET /wish/add [32m200 [0m2.093 ms - 5935[0m
[0mGET /wish/add [32m200 [0m2.959 ms - 5935[0m
[0mGET /wish/add [32m200 [0m7.831 ms - 5935[0m
[0mGET /wish/add [36m304 [0m8.301 ms - -[0m
[0mGET /wish/add [36m304 [0m1.766 ms - -[0m
[0mGET /wish/add [32m200 [0m3.451 ms - 5963[0m
[0mGET /wish/add [32m200 [0m2.123 ms - 5963[0m
[0mGET /wish/add [32m200 [0m2.001 ms - 5990[0m
[0mGET /wish/add [32m200 [0m3.767 ms - 5963[0m
[0mGET /wish/add [32m200 [0m2.089 ms - 5957[0m
[0mGET /wish/add [32m200 [0m7.516 ms - 5957[0m
[0mGET /wish/add [32m200 [0m4.467 ms - 5972[0m
[0mGET /wish/add [32m200 [0m2.278 ms - 5958[0m
[0mGET /wish/add [32m200 [0m6.166 ms - 5959[0m
[0mGET /wish/add [32m200 [0m2.708 ms - 5979[0m
[0mGET /wish/add [32m200 [0m8.127 ms - 5979[0m
[0mGET /wish/add [32m200 [0m2.155 ms - 5978[0m
[0mGET /wish/add [32m200 [0m2.833 ms - 5997[0m
[0mGET /wish/add [32m200 [0m1.971 ms - 6013[0m
[0mGET /wish/add [32m200 [0m3.330 ms - 6013[0m
[0mGET /todo/add [36m304 [0m2.436 ms - -[0m
[0mGET /todo/add [36m304 [0m2.796 ms - -[0m
[0mGET /todo/add [32m200 [0m38.283 ms - 4217[0m
[0mGET /todo/add [36m304 [0m4.136 ms - -[0m
[0mGET /todo/add [36m304 [0m2.812 ms - -[0m
[0mGET /todo/add [36m304 [0m2.742 ms - -[0m
[0mGET /todo/add [36m304 [0m4.692 ms - -[0m
[0mGET /todo/add [36m304 [0m2.166 ms - -[0m
[0mGET /todo/add [32m200 [0m25.217 ms - 4212[0m
[0mGET /todo/add [36m304 [0m4.700 ms - -[0m
[0mGET /todo/add [36m304 [0m4.859 ms - -[0m
[0mGET /wish/add [36m304 [0m3.145 ms - -[0m
[0mGET /todo/add [36m304 [0m6.848 ms - -[0m
[0mGET /todo/add [32m200 [0m4.950 ms - 4738[0m
[0mGET /wish/add [36m304 [0m14.961 ms - -[0m
[0mGET /todo/add [36m304 [0m14.215 ms - -[0m
[0mGET /todo/add [36m304 [0m3.009 ms - -[0m
[0mGET /wish/add [36m304 [0m4.950 ms - -[0m
[0mGET /todo/add [36m304 [0m4.460 ms - -[0m
[0mGET /todo/add [36m304 [0m3.997 ms - -[0m
[0mGET /todo/add [36m304 [0m2.193 ms - -[0m
[0mGET /todo/add [36m304 [0m5.212 ms - -[0m
[0mGET /todo/add [36m304 [0m3.534 ms - -[0m
[0mGET /todo/add [36m304 [0m2.467 ms - -[0m
[0mGET /todo/add [36m304 [0m3.194 ms - -[0m
[0mGET /todo/add [36m304 [0m3.075 ms - -[0m
[0mGET /todo/add [32m200 [0m5.474 ms - 4555[0m
[0mGET /todo/css/home.css [33m404 [0m1.240 ms - 156[0m
[0mGET /todo/add [36m304 [0m5.030 ms - -[0m
[0mGET /todo/css/home.css [33m404 [0m0.354 ms - 156[0m
[0mGET /todo/list [32m200 [0m42.645 ms - 11020[0m
[0mGET /todo/js/list.js [33m404 [0m0.431 ms - 154[0m
[0mGET /todo/js/list.js [33m404 [0m0.195 ms - 154[0m
[0mGET /todo/add [36m304 [0m3.921 ms - -[0m
[0mGET /todo/css/home.css [33m404 [0m0.353 ms - 156[0m
[0mGET /todo/list [36m304 [0m18.339 ms - -[0m
[0mGET /todo/js/list.js [33m404 [0m0.365 ms - 154[0m
[0mGET /todo/js/list.js [33m404 [0m0.209 ms - 154[0m
[0mGET /todo/list [32m200 [0m42.935 ms - 11030[0m
[0mGET /todo/js/list.js [33m404 [0m5.646 ms - 154[0m
[0mGET /todo/js/list.js [33m404 [0m0.552 ms - 154[0m
[0mGET /todo/list [36m304 [0m7.066 ms - -[0m
[0mGET /todo/js/list.js [33m404 [0m0.310 ms - 154[0m
[0mGET /todo/js/list.js [33m404 [0m0.255 ms - 154[0m
[0mGET /todo/add [32m200 [0m26.855 ms - 4565[0m
[0mGET /todo/css/home.css [33m404 [0m4.308 ms - 156[0m
[0mGET /todo/add [32m200 [0m27.037 ms - 4570[0m
[0mGET /todo/css/home.css [33m404 [0m4.105 ms - 156[0m
[0mPOST /todo/add [36m302 [0m30.486 ms - 78[0m
[0mGET /todo/add [32m200 [0m39.246 ms - 4570[0m
[0mGET /todo/css/home.css [33m404 [0m3.676 ms - 156[0m
[0mGET /todo/list [32m200 [0m28.027 ms - 11631[0m
[0mGET /todo/js/list.js [33m404 [0m0.569 ms - 154[0m
[0mGET /todo/js/list.js [33m404 [0m0.280 ms - 154[0m
[0mGET /todo/add [36m304 [0m3.193 ms - -[0m
[0mGET /todo/css/home.css [33m404 [0m0.284 ms - 156[0m
[0mPOST /todo/add [36m302 [0m18.378 ms - 88[0m
[0mGET /todo/add?success=true [32m200 [0m2.615 ms - 4640[0m
[0mGET /todo/css/home.css [33m404 [0m0.263 ms - 156[0m
[0mGET /todo/list [32m200 [0m11.197 ms - 12232[0m
[0mGET /todo/js/list.js [33m404 [0m0.739 ms - 154[0m
[0mGET /todo/js/list.js [33m404 [0m0.530 ms - 154[0m
[0mGET /todo/list [32m200 [0m11.286 ms - 12242[0m
[0mGET /todo/js/list.js [33m404 [0m0.654 ms - 154[0m
[0mGET /todo/js/list.js [33m404 [0m0.526 ms - 154[0m
[0mGET /todo/list [36m304 [0m10.334 ms - -[0m
[0mGET /todo/js/list.js [33m404 [0m0.253 ms - 154[0m
[0mGET /todo/js/list.js [33m404 [0m0.290 ms - 154[0m
[0mGET /todo/list [36m304 [0m6.540 ms - -[0m
[0mGET /todo/js/list.js [33m404 [0m0.306 ms - 154[0m
[0mGET /todo/js/list.js [33m404 [0m0.194 ms - 154[0m
[0mGET /todo/list [36m304 [0m8.104 ms - -[0m
[0mGET /todo/js/list.js [33m404 [0m0.286 ms - 154[0m
[0mGET /todo/js/list.js [33m404 [0m0.445 ms - 154[0m
[0mGET /todo/list [32m200 [0m8.001 ms - 12241[0m
[0mGET /todo/list [32m200 [0m11.906 ms - 13048[0m
[0mGET /todo/list [36m304 [0m8.050 ms - -[0m
[0mGET /todo/add [32m200 [0m14.787 ms - 4570[0m
[0mGET /todo/css/home.css [33m404 [0m0.301 ms - 156[0m
[0mGET /todo/add [36m304 [0m2.889 ms - -[0m
[0mGET /todo/css/home.css [33m404 [0m0.595 ms - 156[0m
[0mGET /todo/list [36m304 [0m5.799 ms - -[0m
[0mGET /todo/add [36m304 [0m1.667 ms - -[0m
[0mGET /todo/css/home.css [33m404 [0m0.358 ms - 156[0m
[0mGET /todo/list [36m304 [0m5.907 ms - -[0m
[0mGET /todo/add [36m304 [0m1.634 ms - -[0m
[0mGET /todo/css/home.css [33m404 [0m0.273 ms - 156[0m
[0mGET /todo/add [32m200 [0m28.384 ms - 4570[0m
[0mGET /todo/css/home.css [33m404 [0m12.533 ms - 156[0m
[0mGET /todo/list [32m200 [0m28.109 ms - 13048[0m
[0mGET /wish/add [32m200 [0m3.563 ms - 6278[0m
[0mGET /wish/add [36m304 [0m2.489 ms - -[0m
[0mGET /wish/add [32m200 [0m4.115 ms - 6503[0m
[0mGET /wish/add [36m304 [0m4.210 ms - -[0m
[0mGET /wish/add [32m200 [0m2.690 ms - 6634[0m
[0mGET /wish/add [36m304 [0m4.093 ms - -[0m
[0mGET /wish/add [36m304 [0m25.652 ms - -[0m
[0mGET /todo/add [36m304 [0m5.571 ms - -[0m
[0mGET /todo/css/home.css [33m404 [0m6.796 ms - 156[0m
[0mGET /wish/add [32m200 [0m5.427 ms - 6262[0m
[0mGET /todo/css/home.css [33m404 [0m1.166 ms - 156[0m
[0mGET /todo/css/home.css [33m404 [0m0.494 ms - 156[0m
[0mGET /todo/add [32m200 [0m4.756 ms - 4500[0m
[0mGET /wish/add [36m304 [0m5.002 ms - -[0m
[0mGET /wish/add [36m304 [0m3.294 ms - -[0m
[0mGET /todo/add [36m304 [0m6.145 ms - -[0m
[0mGET /wish/add [32m200 [0m3.528 ms - 3808[0m
[0mGET /wish/add [32m200 [0m2.834 ms - 3647[0m
[0mGET /wish/add [32m200 [0m2.057 ms - 3665[0m
[0mGET /wish/add [36m304 [0m3.395 ms - -[0m
[0mGET /wish/add [32m200 [0m2.848 ms - 6280[0m
[0mGET /wish/add [32m200 [0m15.528 ms - 6298[0m
[0mGET /todo/add [32m200 [0m2.811 ms - 4473[0m
[0mGET /todo/add [32m200 [0m1.895 ms - 4473[0m
[0mGET /todo/add [32m200 [0m2.141 ms - 4491[0m
[0mGET /todo/list [36m304 [0m29.934 ms - -[0m
[0mGET /wish/add [36m304 [0m2.599 ms - -[0m
[0mGET /wish/add [32m200 [0m3.719 ms - 6327[0m
[0mGET /wish/add [32m200 [0m2.880 ms - 6326[0m
[0mGET /todo/add [36m304 [0m5.628 ms - -[0m
[0mGET /todo/list [36m304 [0m17.137 ms - -[0m
[0mGET /todo/list [36m304 [0m4.889 ms - -[0m
[0mGET /todo/list [36m304 [0m9.006 ms - -[0m
[0mGET /wish/add [36m304 [0m3.474 ms - -[0m
[0mGET /wish/add [32m200 [0m3.322 ms - 6296[0m
[0mGET /wish/add [36m304 [0m3.469 ms - -[0m
[0mGET /wish/add [32m200 [0m2.205 ms - 6271[0m
[0mGET /wish/add [32m200 [0m4.185 ms - 6227[0m
[0mGET /wish/add [36m304 [0m3.560 ms - -[0m
[0mGET /wish/add [36m304 [0m2.436 ms - -[0m
[0mGET /wish/add [32m200 [0m4.186 ms - 6252[0m
[0mGET /wish/add [32m200 [0m2.762 ms - 6252[0m
[0mGET /wish/add [32m200 [0m3.174 ms - 6255[0m
[0mGET /wish/add [32m200 [0m2.064 ms - 6253[0m
[0mGET /wish/add [32m200 [0m2.067 ms - 6253[0m
[0mGET /wish/add [32m200 [0m2.625 ms - 6273[0m
[0mGET /wish/add [32m200 [0m6.027 ms - 6273[0m
[0mGET /wish/add [36m304 [0m2.907 ms - -[0m
[0mGET /wish/add [36m304 [0m1.962 ms - -[0m
[0mGET /wish/add [36m304 [0m1.875 ms - -[0m
[0mGET /wish/add [36m304 [0m2.144 ms - -[0m
[0mGET /wish/add [32m200 [0m2.769 ms - 6243[0m
[0mGET /wish/add [36m304 [0m2.200 ms - -[0m
[0mGET /wish/add [36m304 [0m3.833 ms - -[0m
[0mGET /wish/add [32m200 [0m1.961 ms - 6273[0m
[0mGET /wish/add [36m304 [0m2.220 ms - -[0m
[0mGET /wish/upload [33m404 [0m7.639 ms - 150[0m
[0mGET /wish/upload [32m200 [0m26.821 ms - 6273[0m
[0mGET /wish/add [36m304 [0m7.059 ms - -[0m
[0mGET /wish/add [36m304 [0m4.044 ms - -[0m
[0mGET /todo/add [36m304 [0m6.108 ms - -[0m
[0mGET /wish/add [36m304 [0m7.966 ms - -[0m
[0mGET /todo/list [36m304 [0m30.740 ms - -[0m
[0mGET /wish/add [32m200 [0m3.237 ms - 6275[0m
[0mGET /wish/add [33m404 [0m5.603 ms - 147[0m
[0mGET /wish/upload [32m200 [0m29.140 ms - 6275[0m
[0mGET /wish/upload [32m200 [0m24.838 ms - 6278[0m
[0mGET /todo/add [32m200 [0m8.677 ms - 4494[0m
[0mGET /wish/upload [32m200 [0m7.000 ms - 6278[0m
[0mGET /wish/upload [32m200 [0m2.549 ms - 6278[0m
[0mGET /wish/upload [36m304 [0m3.219 ms - -[0m
[0mPOST /wish/add [33m404 [0m3.190 ms - 148[0m
[0mGET /wish/upload [36m304 [0m9.930 ms - -[0m
[0mGET /wish/upload [32m200 [0m6.588 ms - 6281[0m
[0mPOST /wish/upload [36m302 [0m23.765 ms - 84[0m
[0mGET /wish/upload [32m200 [0m29.217 ms - 6281[0m
[0mGET /wish/upload [36m304 [0m5.380 ms - -[0m
[0mPOST /wish/upload [36m302 [0m27.430 ms - 94[0m
[0mGET /wish/upload?success=true [32m200 [0m6.703 ms - 6358[0m
[0mGET /todo/list [32m200 [0m28.492 ms - 13051[0m
[0mGET /todo/list [36m304 [0m9.982 ms - -[0m
[0mGET /wish/upload [32m200 [0m4.118 ms - 6281[0m
[0mGET /wish/upload [36m304 [0m10.871 ms - -[0m
[0mGET /wish/upload [32m200 [0m27.588 ms - 6292[0m
[0mGET /wish/upload [32m200 [0m6.561 ms - 6293[0m
[0mGET /wish/upload [32m200 [0m5.396 ms - 6275[0m
[0mGET /wish/upload [32m200 [0m4.917 ms - 6293[0m
[0mGET /wish/upload [32m200 [0m3.977 ms - 6293[0m
[0mGET /wish/upload [32m200 [0m4.062 ms - 6293[0m
[0mGET /wish/upload [32m200 [0m2.435 ms - 6293[0m
[0mGET /wish/upload [32m200 [0m4.191 ms - 6293[0m
[0mGET /wish/upload [32m200 [0m3.337 ms - 6417[0m
[0mGET /wish/upload [32m200 [0m7.806 ms - 6416[0m
[0mGET /wish/upload [32m200 [0m9.108 ms - 6416[0m
[0mGET /wish/upload [32m200 [0m2.612 ms - 6416[0m
[0mGET /wish/upload [32m200 [0m6.626 ms - 6416[0m
[0mGET /wish/upload [32m200 [0m2.645 ms - 6416[0m
[0mGET /wish/upload [32m200 [0m3.489 ms - 6416[0m
[0mGET /wish/upload [32m200 [0m3.741 ms - 6442[0m
[0mGET /wish/upload [32m200 [0m5.492 ms - 6443[0m
[0mGET /wish/upload [32m200 [0m4.440 ms - 6442[0m
[0mGET /wish/upload [32m200 [0m6.703 ms - 6442[0m
[0mGET /wish/upload [36m304 [0m4.584 ms - -[0m
[0mGET /wish/upload [36m304 [0m2.199 ms - -[0m
[0mGET /wish/upload [32m200 [0m2.158 ms - 6441[0m
[0mGET /wish/upload [32m200 [0m2.453 ms - 6441[0m
[0mGET /wish/upload [32m200 [0m6.683 ms - 6452[0m
[0mGET /wish/upload [36m304 [0m26.602 ms - -[0m
[0mPOST /wish/upload [36m302 [0m42.416 ms - 94[0m
[0mGET /wish/upload?success=true [32m200 [0m5.853 ms - 6529[0m
[0mGET /wish/upload?success=true [32m200 [0m27.941 ms - 6531[0m
[0mGET /wish/upload [32m200 [0m36.562 ms - 6454[0m
[0mPOST /wish/upload [36m302 [0m53.124 ms - 94[0m
[0mGET /wish/upload?success=true [36m304 [0m4.295 ms - -[0m
[0mGET /wish/upload?success=true [36m304 [0m27.130 ms - -[0m
[0mGET /wish/upload [32m200 [0m13.052 ms - 6454[0m
[0mPOST /wish/upload [36m302 [0m236.122 ms - 94[0m
[0mGET /wish/upload?success=true [36m304 [0m3.373 ms - -[0m
[0mGET /wish/upload?success=true [32m200 [0m36.339 ms - 6552[0m
[0mGET /wish/upload?success=true [32m200 [0m5.361 ms - 6553[0m
[0mGET /wish/upload?success=true [32m200 [0m2.406 ms - 6553[0m
[0mGET /wish/upload?success=true [32m200 [0m4.981 ms - 6571[0m
[0mGET /wish/upload?success=true [32m200 [0m5.552 ms - 6573[0m
[0mGET /wish/upload?success=true [32m200 [0m5.209 ms - 6552[0m
[0mGET /wish/upload?success=true [32m200 [0m4.806 ms - 6553[0m
[0mGET /wish/upload?success=true [32m200 [0m2.336 ms - 6553[0m
[0mGET /wish/upload?success=true [32m200 [0m3.016 ms - 6553[0m
[0mGET /wish/upload?success=true [32m200 [0m4.262 ms - 6553[0m
[0mGET /todo/list [36m304 [0m32.414 ms - -[0m
[0mGET /todo/list [36m304 [0m11.615 ms - -[0m
[0mGET /wish/upload [32m200 [0m11.013 ms - 6476[0m
[0mGET /todo/list [36m304 [0m8.064 ms - -[0m
[0mGET /wish/upload [36m304 [0m3.175 ms - -[0m
[0mGET /todo/list [36m304 [0m9.741 ms - -[0m
[0mGET /wish/upload [36m304 [0m1.876 ms - -[0m
[0mGET /todo/list [36m304 [0m7.890 ms - -[0m
[0mGET /wish/upload [36m304 [0m1.769 ms - -[0m
[0mGET /wish/upload [32m200 [0m21.604 ms - 6476[0m
[0mGET /wish/add [33m404 [0m0.902 ms - 147[0m
[0mGET /wish/wishes [32m200 [0m36.910 ms - 7912[0m
[0mGET /todo/list [32m200 [0m13.447 ms - 13560[0m
[0mGET /todo/list [36m304 [0m6.821 ms - -[0m
[0mGET /wish/upload [36m304 [0m24.652 ms - -[0m
[0mGET /wish/wishes [32m200 [0m53.684 ms - 8653[0m
[0mGET /wish/wishes [32m200 [0m11.846 ms - 8680[0m
[0mGET /wish/wishes [36m304 [0m7.462 ms - -[0m
[0mGET /wish/wishes [32m200 [0m10.051 ms - 8672[0m
[0mGET /wish/wishes [36m304 [0m7.246 ms - -[0m
[0mGET /wish/wishes [32m200 [0m8.523 ms - 8707[0m
[0mGET /wish/wishes [32m200 [0m7.454 ms - 8709[0m
[0mGET /wish/wishes [32m200 [0m7.395 ms - 8740[0m
[0mGET /wish/wishes [32m200 [0m6.464 ms - 8743[0m
[0mGET /wish/123 [33m404 [0m0.629 ms - 147[0m
[0mGET /wish/123 [33m404 [0m0.348 ms - 147[0m
[0mGET /todo/list [32m200 [0m34.091 ms - 7704[0m
[0mGET /wish/add [33m404 [0m2.867 ms - 147[0m
[0mGET /wish/wishes [32m200 [0m32.655 ms - 8992[0m
[0mGET /wish/upload [32m200 [0m11.577 ms - 6720[0m
[0mGET /wish/wishes [32m200 [0m37.764 ms - 8995[0m
[0mGET /wish/wishes [32m200 [0m10.525 ms - 8539[0m
[0mGET /wish/wishes [32m200 [0m6.045 ms - 8777[0m
[0mGET /wish/wishes [32m200 [0m7.705 ms - 8784[0m
[0mGET /wish/wishes [36m304 [0m9.320 ms - -[0m
[0mGET /wish/wishes [36m304 [0m10.971 ms - -[0m
[0mGET /wish/wishes [36m304 [0m9.991 ms - -[0m
[0mGET /wish/wishes [36m304 [0m6.732 ms - -[0m
[0mGET /wish/wishes [36m304 [0m4.806 ms - -[0m
[0mGET /wish/wishes [36m304 [0m8.164 ms - -[0m
[0mGET /wish/wishes [36m304 [0m6.950 ms - -[0m
[0mGET /wish/wishes [32m200 [0m10.691 ms - 8981[0m
[0mGET /wish/%7B%20_id:%205c0f870836d8dfcc7381adf1,%20%20name:%20'test',%20%20image:%20'/images/test1234.jpeg',%20%20link:%20'123',%20%20price:%20'1234',%20%20description:%20'123',%20%20__v:%200%20%7D [33m404 [0m3.479 ms - 371[0m
[0mGET /wish/wishes [32m200 [0m4.870 ms - 8946[0m
[0mGET /wish/wishes [32m200 [0m6.771 ms - 8998[0m
[0mGET /wish/wishes [32m200 [0m8.508 ms - 9002[0m
[0mGET /wish/wishes [36m304 [0m7.936 ms - -[0m
[0mGET /wish/wishes [32m200 [0m7.053 ms - 9195[0m
[0mGET /wish/wishes [36m304 [0m9.603 ms - -[0m
[0mGET /wish/wishes [32m200 [0m8.186 ms - 8998[0m
[0mGET /wish/wishes [36m304 [0m47.310 ms - -[0m
[0mGET /wish/wishes [36m304 [0m10.498 ms - -[0m
[0mGET /wish/upload [36m304 [0m6.143 ms - -[0m
[0mGET /wish/wishes [36m304 [0m13.713 ms - -[0m
[0mGET /wish/wishes [32m200 [0m10.966 ms - 8946[0m
[0mGET /wish/wishes [32m200 [0m52.361 ms - 9197[0m
[0mGET /wish/wishes [32m200 [0m46.240 ms - 9469[0m
[0mGET /wish/wishes [36m304 [0m48.330 ms - -[0m
[0mGET /wish/wishes [36m304 [0m46.134 ms - -[0m
[0mGET /wish/wishes [36m304 [0m43.354 ms - -[0m
[0mGET /wish/wishes [36m304 [0m56.310 ms - -[0m
[0mGET /wish/wishes [36m304 [0m70.375 ms - -[0m
[0mGET /wish/wishes [36m304 [0m43.875 ms - -[0m
[0mGET /wish/wishes [36m304 [0m43.983 ms - -[0m
[0mGET /wish/wishes [36m304 [0m46.186 ms - -[0m
[0mGET /wish/wishes [36m304 [0m45.172 ms - -[0m
[0mGET /wish/wishes [36m304 [0m45.724 ms - -[0m
[0mGET /wish/wishes [36m304 [0m80.214 ms - -[0m
[0mGET /wish/wishes [36m304 [0m58.005 ms - -[0m
[0mGET /wish/wishes [32m200 [0m41.989 ms - 9573[0m
[0mGET /wish/wishes [36m304 [0m68.287 ms - -[0m
[0mGET /wish/wishes [36m304 [0m45.071 ms - -[0m
[0mGET /wish/wishes [36m304 [0m77.423 ms - -[0m
[0mGET /wish/wishes [36m304 [0m14.615 ms - -[0m
[0mGET /wish/wishes [32m200 [0m8.168 ms - 9572[0m
[0mGET /wish/wishes [32m200 [0m6.517 ms - 9593[0m
[0mGET /wish/wishes [32m200 [0m14.507 ms - 9564[0m
[0mGET /wish/wishes [32m200 [0m13.385 ms - 9695[0m
[0mGET /wish/upload [36m304 [0m3.029 ms - -[0m
[0mGET /wish/wishes [32m200 [0m8.982 ms - 9700[0m
[0mGET /wish/wishes [32m200 [0m9.374 ms - 9741[0m
[0mGET /wish/wishes [32m200 [0m6.514 ms - 9796[0m
[0mGET /wish/wishes [36m304 [0m47.780 ms - -[0m
[0mGET /wish/upload [36m304 [0m8.779 ms - -[0m
[0mGET /wish/upload [32m200 [0m22.294 ms - 6834[0m
[0mGET /wish/upload [36m304 [0m5.857 ms - -[0m
[0mGET /wish/upload [32m200 [0m4.819 ms - 6867[0m
[0mGET /wish/upload [32m200 [0m2.339 ms - 6852[0m
[0mGET /wish/upload [32m200 [0m3.263 ms - 6957[0m
[0mGET /wish/upload [36m304 [0m3.287 ms - -[0m
[0mPOST /wish/upload [36m302 [0m65.758 ms - 94[0m
[0mGET /wish/upload?success=true [32m200 [0m8.086 ms - 7034[0m
[0mGET /wish/wishes [32m200 [0m42.574 ms - 11122[0m
[0mGET /wish/wishes [32m200 [0m13.359 ms - 11333[0m
[0mGET /wish/wishes [32m200 [0m8.035 ms - 11022[0m
[0mGET /wish/123 [33m404 [0m2.278 ms - 147[0m
[0mGET /wish/wishes [32m200 [0m6.262 ms - 11044[0m
[0mGET /wish/wishes [32m200 [0m6.425 ms - 11044[0m
[0mGET /wish/wishes [32m200 [0m7.315 ms - 11044[0m
[0mGET /wish/wishes [32m200 [0m8.867 ms - 11044[0m
[0mGET /wish/wishes [32m200 [0m6.115 ms - 11042[0m
[0mGET /wish/wishes [32m200 [0m10.801 ms - 11042[0m
[0mGET /wish/wishes [32m200 [0m8.082 ms - 11042[0m
[0mGET /wish/wishes [32m200 [0m4.667 ms - 11096[0m
[0mGET /wish/wishes [32m200 [0m7.797 ms - 11096[0m
[0mGET /wish/wishes [32m200 [0m5.465 ms - 11096[0m
[0mGET /wish/wishes [32m200 [0m4.251 ms - 11096[0m
[0mGET /wish/wishes [32m200 [0m6.523 ms - 11092[0m
[0mGET /wish/wishes [32m200 [0m5.636 ms - 11096[0m
[0mGET /wish/wishes [32m200 [0m6.560 ms - 11092[0m
[0mGET /wish/wishes [36m304 [0m46.533 ms - -[0m
[0mGET /wish/wishes [36m304 [0m42.931 ms - -[0m
[0mGET /wish/upload [32m200 [0m27.168 ms - 6957[0m
[0mGET /wish/upload [36m304 [0m11.612 ms - -[0m
[0mGET /wish/wishes [32m200 [0m45.182 ms - 11373[0m
[0mPOST /wish/update [0m- [0m- ms - -[0m
[0mGET /wish/wishes [36m304 [0m10.802 ms - -[0m
[0mGET /wish/wishes [36m304 [0m6.472 ms - -[0m
[0mPOST /wish/update [0m- [0m- ms - -[0m
[0mGET /wish/wishes [36m304 [0m42.958 ms - -[0m
[0mPOST /wish/update [0m- [0m- ms - -[0m
[0mGET /wish/wishes [36m304 [0m77.337 ms - -[0m
[0mPOST /wish/update [0m- [0m- ms - -[0m
[0mGET /wish/wishes [36m304 [0m47.240 ms - -[0m
[0mGET /wish/wishes [36m304 [0m9.222 ms - -[0m
[0mPOST /wish/update [36m302 [0m46.722 ms - 68[0m
[0mGET /wish/wishes [32m200 [0m13.978 ms - 11265[0m
[0mPOST /wish/update [36m302 [0m59.289 ms - 68[0m
[0mGET /wish/wishes [32m200 [0m42.769 ms - 11576[0m
[0mGET /wish/wishes [32m200 [0m12.483 ms - 11595[0m
[0mGET /wish/wishes [32m200 [0m7.577 ms - 11595[0m
[0mGET /wish/wishes [32m200 [0m5.470 ms - 11595[0m
[0mGET /wish/wishes [32m200 [0m11.868 ms - 11595[0m
[0mGET /wish/wishes [32m200 [0m12.014 ms - 11595[0m
[0mGET /wish/wishes [32m200 [0m7.770 ms - 11595[0m
[0mGET /wish/wishes [32m200 [0m10.136 ms - 11595[0m
[0mGET /wish/wishes [36m304 [0m9.528 ms - -[0m
[0mGET /wish/upload [36m304 [0m3.376 ms - -[0m
[0mGET /wish/upload [32m200 [0m3.011 ms - 6957[0m
[0mGET /wish/wishes [36m304 [0m8.766 ms - -[0m
[0mGET /wish/upload [36m304 [0m2.860 ms - -[0m
[0mPOST /wish/upload [36m302 [0m30.137 ms - 94[0m
[0mGET /wish/upload?success=true [32m200 [0m4.522 ms - 7034[0m
[0mGET /wish/wishes [32m200 [0m13.165 ms - 12447[0m
[0mPOST /wish/delete [0m- [0m- ms - -[0m
[0mGET /wish/wishes [36m304 [0m48.167 ms - -[0m
[0mPOST /wish/delete [36m302 [0m21.380 ms - 68[0m
[0mGET /wish/wishes [32m200 [0m10.222 ms - 11595[0m
[0mGET /wish/wishes [36m304 [0m10.817 ms - -[0m
[0mPOST /wish/update [36m302 [0m30.511 ms - 68[0m
[0mGET /wish/wishes [32m200 [0m8.707 ms - 11596[0m
[0mGET /wish/wishes [32m200 [0m5.507 ms - 11598[0m
[0mGET /wish/wishes [36m304 [0m7.787 ms - -[0m
[0mGET /wish/wishes [32m200 [0m10.607 ms - 11598[0m
[0mGET /wish/wishes [36m304 [0m13.220 ms - -[0m
[0mGET /wish/wishes [36m304 [0m45.725 ms - -[0m
[0mGET /wish/wishes [36m304 [0m43.667 ms - -[0m
[0mGET /wish/wishes [36m304 [0m45.543 ms - -[0m
[0mGET /wish/wishes [36m304 [0m57.656 ms - -[0m
[0mGET /wish/wishes [36m304 [0m45.142 ms - -[0m
[0mGET /wish/upload [32m200 [0m11.845 ms - 6957[0m
[0mPOST /wish/upload [36m302 [0m68.566 ms - 94[0m
[0mGET /wish/upload?success=true [36m304 [0m11.392 ms - -[0m
[0mGET /wish/wishes [32m200 [0m30.260 ms - 12460[0m
[0mGET /wish/wishes [32m200 [0m11.164 ms - 12460[0m
[0mPOST /wish/delete [36m302 [0m7.548 ms - 68[0m
[0mGET /wish/wishes [32m200 [0m9.029 ms - 11598[0m
[0mPOST /wish/update [36m302 [0m14.376 ms - 68[0m
[0mGET /wish/wishes [32m200 [0m12.340 ms - 11597[0m
[0mGET /wish/wishes [36m304 [0m46.738 ms - -[0m
[0mPOST /wish/update [36m302 [0m37.126 ms - 68[0m
[0mGET /wish/wishes [32m200 [0m10.925 ms - 11598[0m
[0mGET /wish/upload [32m200 [0m26.899 ms - 6957[0m
[0mGET /wish/wishes [36m304 [0m41.802 ms - -[0m
[0mPOST /wish/update [36m302 [0m45.403 ms - 68[0m
[0mGET /wish/wishes [32m200 [0m7.482 ms - 11606[0m
[0mGET /wish/upload [36m304 [0m4.451 ms - -[0m
[0mPOST /wish/upload [36m302 [0m32.268 ms - 94[0m
[0mGET /wish/upload?success=true [36m304 [0m3.726 ms - -[0m
[0mGET /wish/wishes [32m200 [0m12.163 ms - 12722[0m
[0mGET /wish/wishes [36m304 [0m16.670 ms - -[0m
[0mGET /wish/wishes [36m304 [0m7.116 ms - -[0m
[0mGET /wish/wishes [36m304 [0m9.780 ms - -[0m
[0mGET /wish/wishes [32m200 [0m46.520 ms - 12916[0m
[0mGET /wish/wishes [32m200 [0m11.388 ms - 12910[0m
[0mGET /wish/wishes [32m200 [0m5.659 ms - 12913[0m
[0mGET /wish/wishes [36m304 [0m12.377 ms - -[0m
[0mGET /wish/wishes [32m200 [0m43.266 ms - 12994[0m
[0mGET /wish/wishes [32m200 [0m11.886 ms - 13072[0m
[0mGET /wish/wishes [36m304 [0m10.547 ms - -[0m
[0mGET /wish/upload [32m200 [0m10.840 ms - 7161[0m
[0mGET /wish/wishes [36m304 [0m7.307 ms - -[0m
[0mGET /wish/wishes [32m200 [0m10.458 ms - 13156[0m
[0mGET /wish/wishes [32m200 [0m8.598 ms - 13240[0m
[0mGET /wish/wishes [36m304 [0m12.402 ms - -[0m
[0mGET /wish/wishes [32m200 [0m6.522 ms - 13303[0m
[0mGET /wish/wishes [32m200 [0m7.217 ms - 13503[0m
[0mGET /wish/wishes [36m304 [0m5.993 ms - -[0m
[0mGET /wish/wishes [36m304 [0m8.145 ms - -[0m
[0mGET /wish/wishes [32m200 [0m6.458 ms - 13303[0m
[0mGET /wish/wishes [32m200 [0m4.816 ms - 13515[0m
[0mGET /wish/wishes [32m200 [0m9.572 ms - 13303[0m
[0mGET /wish/wishes [36m304 [0m6.266 ms - -[0m
[0mGET /wish/wishes [36m304 [0m4.914 ms - -[0m
[0mGET /wish/wishes [36m304 [0m6.884 ms - -[0m
[0mGET /wish/upload [36m304 [0m4.613 ms - -[0m
[0mGET /wish/wishes [36m304 [0m7.026 ms - -[0m
[0mGET /wish/wishes [36m304 [0m7.768 ms - -[0m
[0mGET /wish/wishes [32m200 [0m5.445 ms - 13417[0m
[0mGET /wish/wishes [32m200 [0m58.985 ms - 13511[0m
[0mGET /wish/wishes [32m200 [0m44.773 ms - 13498[0m
[0mGET /wish/wishes [32m200 [0m47.080 ms - 13510[0m
[0mGET /wish/node_modules/lightbox/dist/bundle-main.css [33m404 [0m5.135 ms - 186[0m
[0mGET /wish/wishes [36m304 [0m13.291 ms - -[0m
[0mGET /wish/wishes [32m200 [0m41.710 ms - 13509[0m
[0mGET /wish/wishes [32m200 [0m46.281 ms - 13512[0m
[0mGET /wish/.../node_modules/lightbox/dist/bundle-main.css [33m404 [0m7.282 ms - 190[0m
[0mGET /wish/.../node_modules/lightbox/dist/bundle-main.css [33m404 [0m0.679 ms - 190[0m
[0mGET /wish/wishes [32m200 [0m43.105 ms - 13509[0m
[0mGET /wish/wishes [32m200 [0m43.582 ms - 13510[0m
[0mGET /wish/node_modules/lightbox/dist/bundle-main.css [33m404 [0m3.313 ms - 186[0m
[0mGET /wish/wishes [32m200 [0m50.781 ms - 13511[0m
[0mGET /wish/wishes [32m200 [0m53.080 ms - 13513[0m
[0mGET /wish/..../node_modules/lightbox/dist/bundle-main.css [33m404 [0m2.961 ms - 191[0m
[0mGET /wish/wishes [32m200 [0m42.740 ms - 13549[0m
[0mGET /wish/wishes [32m200 [0m72.923 ms - 13524[0m
[0mGET /wish/node-todo-api/node_modules/lightbox/dist/bundle-main.css [33m404 [0m3.580 ms - 200[0m
[0mGET /wish/node-todo-api/node_modules/lightbox/dist/bundle-main.css [33m404 [0m0.907 ms - 200[0m
[0mGET /wish/wishes [32m200 [0m42.871 ms - 13525[0m
[0mGET /wish/wishes [32m200 [0m46.413 ms - 13511[0m
[0mGET /wish/wishes [32m200 [0m44.911 ms - 13510[0m
[0mGET /wish/node_modules/lightbox/dist/bundle-main.css [33m404 [0m2.996 ms - 186[0m
[0mGET /wish/wishes [32m200 [0m44.516 ms - 13497[0m
[0mGET /wish/lightbox/dist/bundle-main.css [33m404 [0m2.433 ms - 173[0m
[0mGET /wish/wishes [32m200 [0m44.797 ms - 13498[0m
[0mGET /wish/wishes [32m200 [0m47.440 ms - 13486[0m
[0mGET /wish/wishes [32m200 [0m12.855 ms - 13370[0m
[0mGET /wish/wishes [32m200 [0m66.385 ms - 13376[0m
[0mGET /wish/wishes [36m304 [0m8.743 ms - -[0m
[0mGET /wish/wishes [32m200 [0m14.362 ms - 13382[0m
[0mGET /wish/wishes [32m200 [0m11.880 ms - 13409[0m
[0mGET /wish/wishes [32m200 [0m57.389 ms - 13429[0m
[0mGET /wish/wishes [36m304 [0m9.609 ms - -[0m
[0mGET /wish/wishes [32m200 [0m15.322 ms - 13717[0m
[0mGET /wish/wishes [32m200 [0m10.839 ms - 13763[0m
[0mGET /wish/wishes [36m304 [0m8.274 ms - -[0m
[0mGET /wish/wishes [32m200 [0m6.930 ms - 13818[0m
[0mGET /wish/wishes [32m200 [0m12.614 ms - 13755[0m
[0mGET /wish/wishes [36m304 [0m51.306 ms - -[0m
[0mGET /wish/wishes [36m304 [0m16.128 ms - -[0m
[0mGET /wish/wishes [36m304 [0m10.122 ms - -[0m
[0mGET /wish/upload [32m200 [0m4.243 ms - 7232[0m
[0mGET /wish/wishes [36m304 [0m13.179 ms - -[0m
[0mGET /wish/wishes [36m304 [0m11.791 ms - -[0m
[0mGET /wish/wishes [32m200 [0m9.330 ms - 13759[0m
[0mGET /wish/wishes [32m200 [0m9.522 ms - 13755[0m
[0mGET /wish/wishes [32m200 [0m9.283 ms - 13755[0m
[0mGET /wish/wishes [32m200 [0m7.650 ms - 13776[0m
[0mPOST /wish/update [36m302 [0m51.032 ms - 68[0m
[0mGET /wish/wishes [32m200 [0m14.594 ms - 13753[0m
[0mGET /wish/wishes [36m304 [0m45.214 ms - -[0m
[0mPOST /wish/update [36m302 [0m49.978 ms - 68[0m
[0mGET /wish/wishes [32m200 [0m10.676 ms - 13775[0m
[0mGET /wish/wishes [36m304 [0m50.086 ms - -[0m
[0mGET /wish/upload [32m200 [0m8.264 ms - 7249[0m
[0mGET /wish/upload [32m200 [0m6.503 ms - 7249[0m
[0mGET /wish/upload [32m200 [0m2.562 ms - 7249[0m
[0mGET /wish/wishes [36m304 [0m10.333 ms - -[0m
[0mGET /wish/wishes [36m304 [0m9.603 ms - -[0m
[0mGET /wish/wishes [36m304 [0m7.723 ms - -[0m
[0mGET /wish/wishes [36m304 [0m9.970 ms - -[0m
[0mGET /wish/wishes [36m304 [0m6.801 ms - -[0m
[0mGET /wish/upload [36m304 [0m4.235 ms - -[0m
[0mPOST /wish/upload [36m302 [0m54.479 ms - 94[0m
[0mGET /wish/upload?success=true [32m200 [0m3.713 ms - 7326[0m
[0mGET /wish/wishes [32m200 [0m10.528 ms - 15096[0m
[0mGET /wish/wishes [32m200 [0m9.127 ms - 15172[0m
[0mGET /wish/wishes [32m200 [0m7.197 ms - 15280[0m
[0mGET /wish/wishes [36m304 [0m6.746 ms - -[0m
[0mPOST /wish/update [36m302 [0m29.114 ms - 68[0m
[0mGET /wish/wishes [32m200 [0m8.027 ms - 15457[0m
[0mGET /wish/wishes [32m200 [0m9.007 ms - 15541[0m
[0mPOST /wish/update [36m302 [0m9.444 ms - 68[0m
[0mGET /wish/wishes [32m200 [0m16.334 ms - 15542[0m
[0mPOST /wish/update [36m302 [0m9.673 ms - 68[0m
[0mGET /wish/wishes [32m200 [0m12.681 ms - 15543[0m
[0mPOST /wish/update [36m302 [0m7.020 ms - 68[0m
[0mGET /wish/wishes [32m200 [0m11.783 ms - 15640[0m
[0mGET /wish/upload [32m200 [0m10.602 ms - 7249[0m
[0mPOST /wish/upload [36m302 [0m14.058 ms - 94[0m
[0mGET /wish/upload?success=true [36m304 [0m7.176 ms - -[0m
[0mGET /wish/wishes [32m200 [0m13.454 ms - 17085[0m
[0mGET /wish/upload [32m200 [0m4.072 ms - 7249[0m
[0mGET /wish/wishes [36m304 [0m14.167 ms - -[0m
[0mGET /wish/upload [36m304 [0m1.586 ms - -[0m
[0mPOST /wish/upload [36m302 [0m12.238 ms - 94[0m
[0mGET /wish/upload?success=true [36m304 [0m3.444 ms - -[0m
[0mGET /wish/wishes [32m200 [0m19.722 ms - 18603[0m
[0mGET /wish/wishes [36m304 [0m5.940 ms - -[0m
[0mGET /wish/wishes [36m304 [0m6.338 ms - -[0m
[0mGET /wish/wishes [36m304 [0m7.866 ms - -[0m
[0mGET /wish/wishes [36m304 [0m8.459 ms - -[0m
[0mGET /wish/wishes [36m304 [0m9.714 ms - -[0m
[0mGET /wish/wishes [36m304 [0m13.519 ms - -[0m
[0mGET /wish/wishes [36m304 [0m10.212 ms - -[0m
[0mGET /wish/wishes [36m304 [0m4.913 ms - -[0m
[0mGET /wish/upload [32m200 [0m10.466 ms - 7249[0m
[0mGET /wish/upload [32m200 [0m2.524 ms - 7249[0m
[0mGET /wish/upload [32m200 [0m4.042 ms - 7249[0m
[0mGET /wish/upload [32m200 [0m4.845 ms - 7250[0m
[0mGET /wish/upload [32m200 [0m5.224 ms - 7250[0m
[0mGET /wish/upload [32m200 [0m2.883 ms - 7248[0m
[0mGET /wish/upload [32m200 [0m2.072 ms - 7249[0m
[0mGET /wish/upload [32m200 [0m2.889 ms - 7248[0m
[0mGET /wish/upload [32m200 [0m3.510 ms - 7248[0m
[0mGET /wish/wishes [36m304 [0m8.860 ms - -[0m
[0mGET /wish/wishes [36m304 [0m7.374 ms - -[0m
[0mGET /wish/wishes [36m304 [0m11.583 ms - -[0m
[0mGET /wish/wishes [32m200 [0m6.413 ms - 18682[0m
[0mGET /wish/wishes [32m200 [0m9.375 ms - 18684[0m
[0mGET /wish/wishes [36m304 [0m7.737 ms - -[0m
[0mGET /wish/wishes [36m304 [0m6.611 ms - -[0m
[0mGET /wish/wishes [36m304 [0m7.681 ms - -[0m
[0mGET /wish/wishes [36m304 [0m5.129 ms - -[0m
[0mGET /wish/wishes [36m304 [0m8.374 ms - -[0m
[0mGET /wish/wishes [32m200 [0m8.698 ms - 18616[0m
[0mGET /wish/wishes [36m304 [0m9.312 ms - -[0m
[0mGET /wish/upload [36m304 [0m6.266 ms - -[0m
[0mPOST /wish/upload [36m302 [0m9.556 ms - 94[0m
[0mGET /wish/upload?success=true [32m200 [0m3.384 ms - 7325[0m
[0mGET /wish/wishes [32m200 [0m13.699 ms - 19924[0m
[0mPOST /wish/update [36m302 [0m11.483 ms - 68[0m
[0mGET /wish/wishes [32m200 [0m9.495 ms - 19925[0m
[0mGET /wish/upload [32m200 [0m12.852 ms - 7248[0m
[0mPOST /wish/upload [36m302 [0m13.616 ms - 94[0m
[0mGET /wish/upload?success=true [36m304 [0m2.694 ms - -[0m
[0mGET /wish/wishes [32m200 [0m18.560 ms - 21181[0m
[0mGET /wish/wishes [32m200 [0m12.189 ms - 21245[0m
[0mGET /wish/wishes [32m200 [0m8.129 ms - 21229[0m
[0mGET /wish/wishes [32m200 [0m6.940 ms - 21229[0m
[0mGET /wish/wishes [32m200 [0m7.094 ms - 21229[0m
[0mGET /wish/wishes [32m200 [0m7.019 ms - 21229[0m
[0mGET /wish/wishes [32m200 [0m5.697 ms - 21237[0m
[0mGET /wish/wishes [36m304 [0m5.992 ms - -[0m
[0mGET /wish/wishes [32m200 [0m7.843 ms - 21341[0m
[0mGET /wish/wishes [32m200 [0m12.152 ms - 21325[0m
[0mGET /wish/wishes [32m200 [0m7.971 ms - 21237[0m
[0mGET /wish/wishes [32m200 [0m7.504 ms - 21237[0m
[0mGET /wish/wishes [32m200 [0m5.889 ms - 21237[0m
[0mGET /wish/wishes [32m200 [0m5.947 ms - 21257[0m
[0mGET /wish/wishes [32m200 [0m6.141 ms - 21257[0m
[0mGET /wish/wishes [32m200 [0m7.665 ms - 21257[0m
[0mGET /wish/wishes [32m200 [0m10.257 ms - 21257[0m
[0mGET /wish/wishes [32m200 [0m8.740 ms - 21257[0m
[0mGET /wish/wishes [32m200 [0m6.042 ms - 21257[0m
[0mGET /wish/wishes [36m304 [0m9.154 ms - -[0m
[0mGET /wish/wishes [36m304 [0m17.123 ms - -[0m
[0mGET /wish/upload [32m200 [0m2.663 ms - 7248[0m
[0mGET /wish/wishes [36m304 [0m19.031 ms - -[0m
[0mGET /wish/wishes [36m304 [0m18.012 ms - -[0m
[0mGET /wish/wishes [32m200 [0m7.760 ms - 21295[0m
[0mGET /wish/wishes [32m200 [0m6.653 ms - 21292[0m
[0mGET /wish/wishes [32m200 [0m5.768 ms - 21321[0m
[0mGET /wish/wishes [32m200 [0m9.681 ms - 21320[0m
[0mGET /wish/wishes [36m304 [0m7.258 ms - -[0m
[0mGET /wish/wishes [36m304 [0m7.483 ms - -[0m
[0mGET /wish/wishes [32m200 [0m6.546 ms - 21376[0m
[0mGET /wish/wishes [36m304 [0m5.610 ms - -[0m
[0mGET /wish/wishes [32m200 [0m7.627 ms - 21364[0m
[0mGET /wish/wishes [36m304 [0m9.089 ms - -[0m
[0mGET /wish/wishes [32m200 [0m7.003 ms - 21392[0m
[0mGET /wish/wishes [32m200 [0m9.605 ms - 21399[0m
[0mGET /wish/wishes [32m200 [0m5.847 ms - 21322[0m
[0mGET /wish/wishes [32m200 [0m5.882 ms - 21329[0m
[0mGET /wish/wishes [32m200 [0m6.295 ms - 21355[0m
[0mGET /wish/wishes [32m200 [0m9.882 ms - 21372[0m
[0mGET /wish/wishes [32m200 [0m6.060 ms - 21372[0m
[0mGET /wish/wishes [32m200 [0m8.684 ms - 21372[0m
[0mGET /wish/wishes [32m200 [0m7.287 ms - 21390[0m
[0mGET /wish/wishes [32m200 [0m5.474 ms - 21395[0m
[0mGET /wish/wishes [32m200 [0m8.900 ms - 21390[0m
[0mGET /wish/wishes [32m200 [0m50.938 ms - 21502[0m
[0mGET /wish/wishes [36m304 [0m41.632 ms - -[0m
[0mGET /wish/wishes [36m304 [0m76.804 ms - -[0m
[0mGET /wish/wishes [36m304 [0m45.119 ms - -[0m
[0mGET /wish/wishes [36m304 [0m41.380 ms - -[0m
[0mGET /wish/wishes [36m304 [0m42.476 ms - -[0m
[0mGET /wish/wishes [36m304 [0m58.629 ms - -[0m
[0mGET /wish/wishes [36m304 [0m42.336 ms - -[0m
[0mGET /wish/wishes [36m304 [0m63.465 ms - -[0m
[0mGET /wish/wishes [36m304 [0m47.127 ms - -[0m
[0mGET /wish/wishes [36m304 [0m41.714 ms - -[0m
[0mGET /wish/wishes [36m304 [0m65.641 ms - -[0m
[0mGET /wish/wishes [36m304 [0m48.606 ms - -[0m
[0mGET /wish/wishes [36m304 [0m51.574 ms - -[0m
[0mGET /wish/wishes [36m304 [0m68.025 ms - -[0m
[0mGET /wish/wishes [36m304 [0m50.082 ms - -[0m
[0mGET /wish/wishes [36m304 [0m55.303 ms - -[0m
[0mGET /wish/wishes [36m304 [0m45.218 ms - -[0m
[0mGET /wish/wishes [36m304 [0m45.959 ms - -[0m
[0mGET /wish/wishes [36m304 [0m43.643 ms - -[0m
[0mGET /wish/wishes [36m304 [0m82.275 ms - -[0m
[0mGET /wish/wishes [36m304 [0m46.800 ms - -[0m
[0mGET /wish/wishes [36m304 [0m44.919 ms - -[0m
[0mGET /wish/wishes [36m304 [0m61.239 ms - -[0m
[0mGET /wish/wishes [36m304 [0m48.657 ms - -[0m
[0mGET /wish/wishes [36m304 [0m68.191 ms - -[0m
[0mGET /wish/wishes [36m304 [0m52.741 ms - -[0m
[0mGET /wish/wishes [36m304 [0m76.301 ms - -[0m
[0mGET /wish/wishes [36m304 [0m68.606 ms - -[0m
[0mGET /wish/wishes [32m200 [0m45.829 ms - 21503[0m
[0mGET /wish/wishes [32m200 [0m13.988 ms - 21506[0m
[0mGET /wish/wishes [36m304 [0m65.882 ms - -[0m
[0mGET /wish/wishes [36m304 [0m48.083 ms - -[0m
[0mGET /wish/wishes [36m304 [0m53.452 ms - -[0m
[0mGET /wish/wishes [32m200 [0m46.698 ms - 21529[0m
[0mGET /wish/wishes [36m304 [0m11.171 ms - -[0m
[0mGET /wish/upload [36m304 [0m4.472 ms - -[0m
[0mPOST /wish/upload [36m302 [0m49.471 ms - 94[0m
[0mGET /wish/upload?success=true [36m304 [0m7.654 ms - -[0m
[0mGET /wish/wishes [32m200 [0m14.583 ms - 22676[0m
[0mPOST /wish/delete [36m302 [0m9.142 ms - 68[0m
[0mGET /wish/wishes [32m200 [0m11.207 ms - 21529[0m
[0mGET /wish/wishes [36m304 [0m10.489 ms - -[0m
[0mGET /wish/wishes [36m304 [0m19.687 ms - -[0m
[0mGET /todo/add [31m500 [0m20.237 ms - 2231[0m
[0mGET /wish/wishes [32m200 [0m95.923 ms - 21529[0m
[0mGET /wish/wishes [36m304 [0m13.134 ms - -[0m
[0mGET /wish/wishes [32m200 [0m9.642 ms - 21741[0m
[0mGET /wish/wishes [32m200 [0m10.786 ms - 21767[0m
[0mGET /wish/wishes [32m200 [0m15.032 ms - 21768[0m
[0mGET /wish/wishes [32m200 [0m9.545 ms - 21767[0m
[0mGET /wish/wishes [32m200 [0m14.071 ms - 21767[0m
[0mGET /wish/wishes [32m200 [0m9.217 ms - 21815[0m
[0mGET /wish/wishes [32m200 [0m7.151 ms - 21830[0m
[0mGET /wish/wishes [32m200 [0m9.195 ms - 21807[0m
[0mGET /wish/wishes [32m200 [0m8.843 ms - 21857[0m
[0mGET /wish/wishes [32m200 [0m7.837 ms - 21856[0m
[0mGET /wish/wishes [32m200 [0m9.254 ms - 21856[0m
[0mGET /wish/wishes [32m200 [0m6.811 ms - 21857[0m
[0mGET /wish/wishes [32m200 [0m8.356 ms - 21873[0m
[0mGET /wish/wishes [32m200 [0m9.737 ms - 21862[0m
[0mGET /wish/wishes [32m200 [0m14.818 ms - 21888[0m
[0mGET /wish/wishes [32m200 [0m46.292 ms - 21903[0m
[0mGET /wish/wishes [36m304 [0m47.529 ms - -[0m
[0mGET /wish/wishes [36m304 [0m44.756 ms - -[0m
[0mGET /wish/wishes [36m304 [0m45.367 ms - -[0m
[0mGET /wish/wishes [36m304 [0m45.703 ms - -[0m
[0mGET /wish/wishes [36m304 [0m9.453 ms - -[0m
[0mGET /wish/wishes [36m304 [0m44.079 ms - -[0m
[0mGET /wish/wishes [36m304 [0m48.444 ms - -[0m
[0mGET /wish/wishes [36m304 [0m49.465 ms - -[0m
[0mGET /wish/wishes [36m304 [0m12.735 ms - -[0m
[0mGET /wish/wishes [32m200 [0m12.662 ms - 21918[0m
[0mGET /wish/wishes [32m200 [0m10.942 ms - 21921[0m
[0mGET /wish/wishes [36m304 [0m9.898 ms - -[0m
[0mGET /wish/wishes [36m304 [0m13.479 ms - -[0m
[0mGET /wish/wishes [36m304 [0m41.021 ms - -[0m
[0mGET /wish/wishes [36m304 [0m11.934 ms - -[0m
[0mGET /wish/wishes [32m200 [0m12.108 ms - 21899[0m
[0mGET /wish/wishes [36m304 [0m51.539 ms - -[0m
[0mGET /wish/wishes [36m304 [0m41.273 ms - -[0m
[0mGET /wish/wishes [36m304 [0m60.664 ms - -[0m
[0mGET /wish/wishes [36m304 [0m45.781 ms - -[0m
[0mGET /wish/wishes [36m304 [0m9.327 ms - -[0m
[0mGET /wish/wishes [36m304 [0m43.676 ms - -[0m
[0mGET /wish/wishes [36m304 [0m47.168 ms - -[0m
[0mGET /wish/wishes [36m304 [0m10.888 ms - -[0m
[0mGET /wish/wishes [36m304 [0m10.631 ms - -[0m
[0mGET /wish/wishes [36m304 [0m49.538 ms - -[0m
[0mGET /wish/wishes [36m304 [0m44.843 ms - -[0m
[0mGET /wish/wishes [32m200 [0m41.570 ms - 21908[0m
[0mGET /wish/wishes [36m304 [0m11.912 ms - -[0m
[0mGET /wish/upload [32m200 [0m4.806 ms - 7248[0m
[0mGET /wish/wishes [36m304 [0m15.554 ms - -[0m
[0mGET /wish/wishes [36m304 [0m54.530 ms - -[0m
[0mGET /wish/wishes [36m304 [0m43.373 ms - -[0m
[0mGET /wish/wishes [32m200 [0m13.917 ms - 21851[0m
[0mGET /wish/wishes [32m200 [0m15.049 ms - 21908[0m
[0mGET /wish/wishes [36m304 [0m13.453 ms - -[0m
[0mGET /wish/wishes [36m304 [0m11.756 ms - -[0m
[0mGET /wish/wishes [36m304 [0m26.690 ms - -[0m
[0mGET /wish/wishes [36m304 [0m10.269 ms - -[0m
[0mGET /wish/upload [36m304 [0m2.877 ms - -[0m
[0mGET /wish/wishes [36m304 [0m10.286 ms - -[0m
[0mGET /wish/wishes [36m304 [0m39.347 ms - -[0m
[0mGET /wish/upload [36m304 [0m5.767 ms - -[0m
[0mGET /wish/wishes [36m304 [0m13.273 ms - -[0m
[0mGET /wish/addWish [33m404 [0m9.658 ms - 151[0m
[0mGET /wish/ [33m404 [0m0.736 ms - 144[0m
[0mGET /wish/wishes [36m304 [0m38.533 ms - -[0m
[0mGET /wish/wishes [36m304 [0m33.987 ms - -[0m
[0mGET /wish/upload [36m304 [0m3.915 ms - -[0m
[0mPOST /wish/upload [36m302 [0m49.943 ms - 94[0m
[0mGET /wish/upload?success=true [36m304 [0m10.353 ms - -[0m
[0mGET /wish/wishes [32m200 [0m19.222 ms - 23061[0m
[0mPOST /wish/delete [36m302 [0m55.248 ms - 68[0m
[0mGET /wish/wishes [32m200 [0m9.003 ms - 21908[0m
[0mGET /wish/wishes [36m304 [0m12.985 ms - -[0m
[0mGET /wish/wishes [36m304 [0m12.516 ms - -[0m
[0mGET /wish/upload [32m200 [0m2.204 ms - 7248[0m
[0mPOST /wish/upload [36m302 [0m12.475 ms - 94[0m
[0mGET /wish/upload?success=true [36m304 [0m3.310 ms - -[0m
[0mGET /wish/wishes [32m200 [0m18.491 ms - 23065[0m
[0mPOST /wish/delete [36m302 [0m1.515 ms - 68[0m
[0mGET /wish/wishes [32m200 [0m9.111 ms - 21908[0m
[0mGET /wish/wishes [36m304 [0m7.013 ms - -[0m
[0mGET /wish/wishes [36m304 [0m11.156 ms - -[0m
[0mGET /wish/wishes [36m304 [0m9.013 ms - -[0m
[0mGET /wish/wishes [36m304 [0m43.611 ms - -[0m
[0mGET /wish/upload [32m200 [0m12.644 ms - 7248[0m
[0mPOST /wish/upload [36m302 [0m51.129 ms - 94[0m
[0mGET /wish/upload?success=true [36m304 [0m7.792 ms - -[0m
[0mGET /wish/wishes [32m200 [0m25.947 ms - 23062[0m
[0mGET /wish/wishes [36m304 [0m10.110 ms - -[0m
[0mGET /wish/wishes [36m304 [0m12.209 ms - -[0m
[0mPOST /wish/update [36m302 [0m63.296 ms - 68[0m
[0mGET /wish/wishes [36m304 [0m16.952 ms - -[0m
[0mPOST /wish/delete [36m302 [0m4.571 ms - 68[0m
[0mGET /wish/wishes [32m200 [0m11.750 ms - 21908[0m
[0mGET /wish/wishes [36m304 [0m8.417 ms - -[0m
[0mGET /wish/wishes [36m304 [0m10.219 ms - -[0m
[0mGET /wish/wishes [36m304 [0m39.834 ms - -[0m
[0mGET /wish/wishes [36m304 [0m49.647 ms - -[0m
[0mGET /wish/wishes [32m200 [0m52.196 ms - 21977[0m
[0mGET /wish/wishes [32m200 [0m43.946 ms - 21620[0m
[0mGET /wish/wishes [36m304 [0m12.443 ms - -[0m
[0mGET /wish/wishes [32m200 [0m51.762 ms - 21898[0m
[0mGET /wish/wishes [36m304 [0m17.306 ms - -[0m
[0mGET /wish/wishes [32m200 [0m14.037 ms - 21898[0m
[0mGET /wish/wishes [36m304 [0m44.429 ms - -[0m
[0mGET /wish/wishes [36m304 [0m50.635 ms - -[0m
[0mGET /wish/wishes [36m304 [0m51.853 ms - -[0m
[0mGET /wish/wishes [36m304 [0m17.010 ms - -[0m
[0mGET /wish/wishes [36m304 [0m11.843 ms - -[0m
[0mGET /wish/wishes [32m200 [0m47.639 ms - 21941[0m
