Wed Dec 05 2018 15:52:59 GMT+0700 (Indochina Time): GET, /
Wed Dec 05 2018 15:54:51 GMT+0700 (Indochina Time): GET, /
Wed Dec 05 2018 15:55:28 GMT+0700 (Indochina Time): GET, /
Wed Dec 05 2018 15:56:39 GMT+0700 (Indochina Time): GET, /
Wed Dec 05 2018 15:56:40 GMT+0700 (Indochina Time): GET, /
Wed Dec 05 2018 15:56:40 GMT+0700 (Indochina Time): GET, /
Wed Dec 05 2018 16:02:39 GMT+0700 (Indochina Time): GET, /
Wed Dec 05 2018 16:02:46 GMT+0700 (Indochina Time): POST, /add
Wed Dec 05 2018 16:03:57 GMT+0700 (Indochina Time): GET, /
Wed Dec 05 2018 16:04:03 GMT+0700 (Indochina Time): POST, /add
Wed Dec 05 2018 16:04:18 GMT+0700 (Indochina Time): GET, /
Wed Dec 05 2018 16:04:22 GMT+0700 (Indochina Time): POST, /add
Thu Dec 06 2018 09:18:02 GMT+0700 (Indochina Time): GET, /list
Thu Dec 06 2018 09:18:10 GMT+0700 (Indochina Time): GET, /list
Thu Dec 06 2018 09:18:38 GMT+0700 (Indochina Time): GET, /
Thu Dec 06 2018 09:18:47 GMT+0700 (Indochina Time): GET, /
Thu Dec 06 2018 09:19:05 GMT+0700 (Indochina Time): GET, /
Thu Dec 06 2018 09:19:08 GMT+0700 (Indochina Time): GET, /list
Thu Dec 06 2018 09:19:16 GMT+0700 (Indochina Time): GET, /list
Thu Dec 06 2018 09:19:17 GMT+0700 (Indochina Time): GET, /list
Thu Dec 06 2018 09:19:17 GMT+0700 (Indochina Time): GET, /list
Thu Dec 06 2018 09:21:25 GMT+0700 (Indochina Time): GET, /list
Thu Dec 06 2018 09:21:27 GMT+0700 (Indochina Time): GET, /
Thu Dec 06 2018 09:22:44 GMT+0700 (Indochina Time): GET, /
Thu Dec 06 2018 09:22:45 GMT+0700 (Indochina Time): GET, /
Thu Dec 06 2018 09:23:15 GMT+0700 (Indochina Time): GET, /
Thu Dec 06 2018 09:24:06 GMT+0700 (Indochina Time): GET, /
Thu Dec 06 2018 09:24:24 GMT+0700 (Indochina Time): GET, /
Thu Dec 06 2018 09:24:25 GMT+0700 (Indochina Time): GET, /
Thu Dec 06 2018 09:25:06 GMT+0700 (Indochina Time): GET, /
Thu Dec 06 2018 09:25:59 GMT+0700 (Indochina Time): GET, /
Thu Dec 06 2018 09:26:00 GMT+0700 (Indochina Time): GET, /
Thu Dec 06 2018 09:29:01 GMT+0700 (Indochina Time): GET, /
Thu Dec 06 2018 09:29:28 GMT+0700 (Indochina Time): GET, /
Thu Dec 06 2018 09:29:42 GMT+0700 (Indochina Time): GET, /
Thu Dec 06 2018 09:29:43 GMT+0700 (Indochina Time): GET, /
Thu Dec 06 2018 09:29:59 GMT+0700 (Indochina Time): GET, /
Thu Dec 06 2018 09:30:00 GMT+0700 (Indochina Time): GET, /
Thu Dec 06 2018 09:30:15 GMT+0700 (Indochina Time): GET, /
Thu Dec 06 2018 09:30:30 GMT+0700 (Indochina Time): GET, /
Thu Dec 06 2018 09:30:45 GMT+0700 (Indochina Time): GET, /
Thu Dec 06 2018 09:30:46 GMT+0700 (Indochina Time): GET, /list
Thu Dec 06 2018 09:31:11 GMT+0700 (Indochina Time): GET, /
Thu Dec 06 2018 09:32:58 GMT+0700 (Indochina Time): GET, /
Thu Dec 06 2018 09:33:00 GMT+0700 (Indochina Time): GET, /add
Thu Dec 06 2018 09:33:21 GMT+0700 (Indochina Time): GET, /
Thu Dec 06 2018 09:33:23 GMT+0700 (Indochina Time): GET, /add
Thu Dec 06 2018 09:33:24 GMT+0700 (Indochina Time): GET, /add
Thu Dec 06 2018 09:33:53 GMT+0700 (Indochina Time): GET, /add
Thu Dec 06 2018 09:34:12 GMT+0700 (Indochina Time): GET, /list
Thu Dec 06 2018 09:34:15 GMT+0700 (Indochina Time): GET, /add
Thu Dec 06 2018 09:36:13 GMT+0700 (Indochina Time): GET, /list
Thu Dec 06 2018 09:36:54 GMT+0700 (Indochina Time): GET, /
Thu Dec 06 2018 09:36:59 GMT+0700 (Indochina Time): GET, /add
Thu Dec 06 2018 09:37:07 GMT+0700 (Indochina Time): POST, /add
Thu Dec 06 2018 09:37:07 GMT+0700 (Indochina Time): GET, /add?success=true
Thu Dec 06 2018 09:37:09 GMT+0700 (Indochina Time): GET, /add
Thu Dec 06 2018 09:37:11 GMT+0700 (Indochina Time): GET, /list
Thu Dec 06 2018 09:38:33 GMT+0700 (Indochina Time): GET, /list
Thu Dec 06 2018 09:38:55 GMT+0700 (Indochina Time): GET, /list
Thu Dec 06 2018 09:40:01 GMT+0700 (Indochina Time): GET, /todos
Thu Dec 06 2018 09:40:39 GMT+0700 (Indochina Time): GET, /list
Thu Dec 06 2018 09:40:40 GMT+0700 (Indochina Time): GET, /todos/5c07548ae90dfcf2c30a81c1
Thu Dec 06 2018 09:40:43 GMT+0700 (Indochina Time): GET, /todos/5c0775367a97a0fc6a77a64b
Thu Dec 06 2018 09:40:45 GMT+0700 (Indochina Time): GET, /todos/5c07548ae90dfcf2c30a81c1
Thu Dec 06 2018 09:41:02 GMT+0700 (Indochina Time): GET, /todos/5c0775367a97a0fc6a77a64b
Thu Dec 06 2018 09:41:58 GMT+0700 (Indochina Time): GET, /list
Thu Dec 06 2018 09:42:03 GMT+0700 (Indochina Time): GET, /todos/5c07548ae90dfcf2c30a81c1
Thu Dec 06 2018 09:42:34 GMT+0700 (Indochina Time): GET, /list
Thu Dec 06 2018 09:42:34 GMT+0700 (Indochina Time): GET, /todos/5c07548ae90dfcf2c30a81c1
Thu Dec 06 2018 09:44:13 GMT+0700 (Indochina Time): GET, /list
Thu Dec 06 2018 09:44:14 GMT+0700 (Indochina Time): GET, /todos/5c07548ae90dfcf2c30a81c1
Thu Dec 06 2018 09:44:17 GMT+0700 (Indochina Time): GET, /todos/5c0775367a97a0fc6a77a64b
Thu Dec 06 2018 09:44:41 GMT+0700 (Indochina Time): GET, /list
Thu Dec 06 2018 09:44:42 GMT+0700 (Indochina Time): GET, /todos/5c07548ae90dfcf2c30a81c1
Thu Dec 06 2018 09:44:55 GMT+0700 (Indochina Time): GET, /list
Thu Dec 06 2018 09:44:56 GMT+0700 (Indochina Time): GET, /todos/5c07548ae90dfcf2c30a81c1
Thu Dec 06 2018 09:47:09 GMT+0700 (Indochina Time): GET, /list
Thu Dec 06 2018 09:47:10 GMT+0700 (Indochina Time): GET, /todos/5c07548ae90dfcf2c30a81c1
Thu Dec 06 2018 09:47:30 GMT+0700 (Indochina Time): GET, /todos/5c07548ae90dfcf2c30a81c1
Thu Dec 06 2018 09:47:43 GMT+0700 (Indochina Time): GET, /todos/5c07548ae90dfcf2c30a81c1
Thu Dec 06 2018 09:47:45 GMT+0700 (Indochina Time): GET, /list
Thu Dec 06 2018 09:47:46 GMT+0700 (Indochina Time): GET, /todos/5c07548ae90dfcf2c30a81c1
Thu Dec 06 2018 09:47:55 GMT+0700 (Indochina Time): GET, /list
Thu Dec 06 2018 09:47:56 GMT+0700 (Indochina Time): GET, /todos/5c07548ae90dfcf2c30a81c1
Thu Dec 06 2018 09:48:03 GMT+0700 (Indochina Time): GET, /list
Thu Dec 06 2018 09:48:04 GMT+0700 (Indochina Time): GET, /todos/5c07548ae90dfcf2c30a81c1
Thu Dec 06 2018 09:48:07 GMT+0700 (Indochina Time): GET, /todos/5c0775b47a97a0fc6a77a64d
Thu Dec 06 2018 09:49:12 GMT+0700 (Indochina Time): GET, /list
Thu Dec 06 2018 09:49:13 GMT+0700 (Indochina Time): GET, /todos/5c07548ae90dfcf2c30a81c1
Thu Dec 06 2018 09:49:18 GMT+0700 (Indochina Time): GET, /todos/5c07548ae90dfcf2c30a81c1
Thu Dec 06 2018 09:49:20 GMT+0700 (Indochina Time): GET, /list
Thu Dec 06 2018 09:49:20 GMT+0700 (Indochina Time): GET, /todos/5c0775367a97a0fc6a77a64b
Thu Dec 06 2018 09:49:36 GMT+0700 (Indochina Time): GET, /list
Thu Dec 06 2018 09:49:36 GMT+0700 (Indochina Time): GET, /list
Thu Dec 06 2018 09:49:40 GMT+0700 (Indochina Time): GET, /list
Thu Dec 06 2018 09:49:41 GMT+0700 (Indochina Time): GET, /todos/5c07548ae90dfcf2c30a81c1
Thu Dec 06 2018 09:51:39 GMT+0700 (Indochina Time): GET, /list
Thu Dec 06 2018 09:51:39 GMT+0700 (Indochina Time): GET, /list
Thu Dec 06 2018 09:51:40 GMT+0700 (Indochina Time): GET, /list
Thu Dec 06 2018 09:51:40 GMT+0700 (Indochina Time): GET, /todos/5c0775367a97a0fc6a77a64b
Thu Dec 06 2018 09:53:37 GMT+0700 (Indochina Time): GET, /list
Thu Dec 06 2018 09:53:38 GMT+0700 (Indochina Time): GET, /todos/5c07548ae90dfcf2c30a81c1
Thu Dec 06 2018 09:54:01 GMT+0700 (Indochina Time): GET, /todos/5c07548ae90dfcf2c30a81c1
Thu Dec 06 2018 09:54:25 GMT+0700 (Indochina Time): GET, /todos/5c07548ae90dfcf2c30a81c1
Thu Dec 06 2018 09:54:33 GMT+0700 (Indochina Time): GET, /todos/5c07548ae90dfcf2c30a81c1
Thu Dec 06 2018 09:55:48 GMT+0700 (Indochina Time): GET, /
Thu Dec 06 2018 09:55:49 GMT+0700 (Indochina Time): GET, /list
Thu Dec 06 2018 09:55:51 GMT+0700 (Indochina Time): GET, /todos/5c0775367a97a0fc6a77a64b
Thu Dec 06 2018 09:56:52 GMT+0700 (Indochina Time): GET, /todos/5c0775367a97a0fc6a77a64b
Thu Dec 06 2018 09:57:05 GMT+0700 (Indochina Time): GET, /todos/5c0775367a97a0fc6a77a64b
Thu Dec 06 2018 09:57:20 GMT+0700 (Indochina Time): GET, /todos/5c0775367a97a0fc6a77a64b
Thu Dec 06 2018 09:57:50 GMT+0700 (Indochina Time): GET, /todos/5c0775367a97a0fc6a77a64b
Thu Dec 06 2018 09:57:56 GMT+0700 (Indochina Time): GET, /todos/5c0775367a97a0fc6a77a64b
Thu Dec 06 2018 09:57:57 GMT+0700 (Indochina Time): GET, /todos/5c0775367a97a0fc6a77a64b
Thu Dec 06 2018 10:00:19 GMT+0700 (Indochina Time): GET, /todos/5c0775367a97a0fc6a77a64b
Thu Dec 06 2018 10:00:20 GMT+0700 (Indochina Time): GET, /todos/5c0775367a97a0fc6a77a64b
Thu Dec 06 2018 10:00:53 GMT+0700 (Indochina Time): GET, /todos/5c0775367a97a0fc6a77a64b
Thu Dec 06 2018 10:01:22 GMT+0700 (Indochina Time): GET, /todos/5c0775367a97a0fc6a77a64b
Thu Dec 06 2018 10:02:00 GMT+0700 (Indochina Time): GET, /todos/5c0775367a97a0fc6a77a64b
Thu Dec 06 2018 10:02:13 GMT+0700 (Indochina Time): GET, /todos/5c0775367a97a0fc6a77a64b
Thu Dec 06 2018 10:03:25 GMT+0700 (Indochina Time): GET, /todos/5c0775367a97a0fc6a77a64b
Thu Dec 06 2018 10:04:02 GMT+0700 (Indochina Time): GET, /todos/5c0775367a97a0fc6a77a64b
Thu Dec 06 2018 10:04:10 GMT+0700 (Indochina Time): GET, /todos/5c0775367a97a0fc6a77a64b
Thu Dec 06 2018 10:04:17 GMT+0700 (Indochina Time): GET, /todos/5c0775367a97a0fc6a77a64b
Thu Dec 06 2018 10:04:33 GMT+0700 (Indochina Time): GET, /todos/5c0775367a97a0fc6a77a64b
Thu Dec 06 2018 10:07:22 GMT+0700 (Indochina Time): GET, /todos/5c0775367a97a0fc6a77a64b
Thu Dec 06 2018 10:07:32 GMT+0700 (Indochina Time): GET, /todos/5c0775367a97a0fc6a77a64b
Thu Dec 06 2018 10:07:59 GMT+0700 (Indochina Time): GET, /todos/5c0775367a97a0fc6a77a64b
Thu Dec 06 2018 10:08:56 GMT+0700 (Indochina Time): GET, /todos
Thu Dec 06 2018 10:08:58 GMT+0700 (Indochina Time): GET, /list
Thu Dec 06 2018 10:10:15 GMT+0700 (Indochina Time): GET, /list
Thu Dec 06 2018 10:10:53 GMT+0700 (Indochina Time): GET, /list
Thu Dec 06 2018 10:11:23 GMT+0700 (Indochina Time): GET, /list
Thu Dec 06 2018 10:11:25 GMT+0700 (Indochina Time): GET, /todos/5c07548ae90dfcf2c30a81c1
Thu Dec 06 2018 10:11:42 GMT+0700 (Indochina Time): GET, /list
Thu Dec 06 2018 10:11:44 GMT+0700 (Indochina Time): GET, /todos/5c07548ae90dfcf2c30a81c1
Thu Dec 06 2018 10:12:00 GMT+0700 (Indochina Time): GET, /todos/5c07548ae90dfcf2c30a81c1
Thu Dec 06 2018 10:12:06 GMT+0700 (Indochina Time): GET, /todos/5c07548ae90dfcf2c30a81c1
Thu Dec 06 2018 10:14:04 GMT+0700 (Indochina Time): GET, /list
Thu Dec 06 2018 10:14:06 GMT+0700 (Indochina Time): GET, /home
Thu Dec 06 2018 10:14:08 GMT+0700 (Indochina Time): GET, /
Thu Dec 06 2018 10:15:11 GMT+0700 (Indochina Time): GET, /
Thu Dec 06 2018 10:15:11 GMT+0700 (Indochina Time): GET, /
Thu Dec 06 2018 10:15:43 GMT+0700 (Indochina Time): GET, /
Thu Dec 06 2018 10:15:44 GMT+0700 (Indochina Time): GET, /
Thu Dec 06 2018 10:15:56 GMT+0700 (Indochina Time): GET, /
Thu Dec 06 2018 10:16:28 GMT+0700 (Indochina Time): GET, /
Thu Dec 06 2018 10:16:29 GMT+0700 (Indochina Time): GET, /
Thu Dec 06 2018 10:16:34 GMT+0700 (Indochina Time): GET, /
Thu Dec 06 2018 10:18:09 GMT+0700 (Indochina Time): GET, /
Thu Dec 06 2018 10:18:10 GMT+0700 (Indochina Time): GET, /
Thu Dec 06 2018 10:18:10 GMT+0700 (Indochina Time): GET, /
Thu Dec 06 2018 10:18:10 GMT+0700 (Indochina Time): GET, /
Thu Dec 06 2018 10:18:20 GMT+0700 (Indochina Time): GET, /
Thu Dec 06 2018 10:18:20 GMT+0700 (Indochina Time): GET, /
Thu Dec 06 2018 10:18:50 GMT+0700 (Indochina Time): GET, /
Thu Dec 06 2018 10:18:51 GMT+0700 (Indochina Time): GET, /
Thu Dec 06 2018 10:18:55 GMT+0700 (Indochina Time): GET, /
Thu Dec 06 2018 10:18:59 GMT+0700 (Indochina Time): GET, /
Thu Dec 06 2018 10:19:00 GMT+0700 (Indochina Time): GET, /
Thu Dec 06 2018 10:19:49 GMT+0700 (Indochina Time): GET, /
Thu Dec 06 2018 10:19:49 GMT+0700 (Indochina Time): GET, /
Thu Dec 06 2018 10:19:50 GMT+0700 (Indochina Time): GET, /
Thu Dec 06 2018 10:20:24 GMT+0700 (Indochina Time): GET, /
Thu Dec 06 2018 10:20:26 GMT+0700 (Indochina Time): GET, /list
Thu Dec 06 2018 10:20:28 GMT+0700 (Indochina Time): GET, /add
Thu Dec 06 2018 10:21:39 GMT+0700 (Indochina Time): GET, /
Thu Dec 06 2018 10:21:55 GMT+0700 (Indochina Time): GET, /
Thu Dec 06 2018 10:21:56 GMT+0700 (Indochina Time): GET, /
Thu Dec 06 2018 10:22:00 GMT+0700 (Indochina Time): GET, /
Thu Dec 06 2018 10:22:06 GMT+0700 (Indochina Time): GET, /
Thu Dec 06 2018 10:22:14 GMT+0700 (Indochina Time): GET, /
Thu Dec 06 2018 10:22:49 GMT+0700 (Indochina Time): GET, /
Thu Dec 06 2018 10:22:50 GMT+0700 (Indochina Time): GET, /
Thu Dec 06 2018 10:22:50 GMT+0700 (Indochina Time): GET, /
Thu Dec 06 2018 10:22:51 GMT+0700 (Indochina Time): GET, /
Thu Dec 06 2018 10:23:03 GMT+0700 (Indochina Time): GET, /
Thu Dec 06 2018 10:23:03 GMT+0700 (Indochina Time): GET, /
Thu Dec 06 2018 10:23:03 GMT+0700 (Indochina Time): GET, /
Thu Dec 06 2018 10:23:03 GMT+0700 (Indochina Time): GET, /
Thu Dec 06 2018 10:23:28 GMT+0700 (Indochina Time): GET, /
Thu Dec 06 2018 10:23:43 GMT+0700 (Indochina Time): GET, /
Thu Dec 06 2018 10:23:44 GMT+0700 (Indochina Time): GET, /
Thu Dec 06 2018 10:23:44 GMT+0700 (Indochina Time): GET, /
Thu Dec 06 2018 10:23:53 GMT+0700 (Indochina Time): GET, /
Thu Dec 06 2018 10:23:54 GMT+0700 (Indochina Time): GET, /
Thu Dec 06 2018 10:23:59 GMT+0700 (Indochina Time): GET, /
Thu Dec 06 2018 10:24:02 GMT+0700 (Indochina Time): GET, /
Thu Dec 06 2018 10:24:08 GMT+0700 (Indochina Time): GET, /
Thu Dec 06 2018 10:25:26 GMT+0700 (Indochina Time): GET, /
Thu Dec 06 2018 10:25:39 GMT+0700 (Indochina Time): GET, /
Thu Dec 06 2018 10:26:01 GMT+0700 (Indochina Time): GET, /
Thu Dec 06 2018 10:26:18 GMT+0700 (Indochina Time): GET, /
Thu Dec 06 2018 10:26:36 GMT+0700 (Indochina Time): GET, /
Thu Dec 06 2018 10:26:36 GMT+0700 (Indochina Time): GET, /
Thu Dec 06 2018 10:27:01 GMT+0700 (Indochina Time): GET, /
Thu Dec 06 2018 10:28:39 GMT+0700 (Indochina Time): GET, /
Thu Dec 06 2018 10:28:40 GMT+0700 (Indochina Time): GET, /
Thu Dec 06 2018 10:28:44 GMT+0700 (Indochina Time): GET, /
Thu Dec 06 2018 10:29:33 GMT+0700 (Indochina Time): GET, /
Thu Dec 06 2018 10:30:19 GMT+0700 (Indochina Time): GET, /
Thu Dec 06 2018 10:30:59 GMT+0700 (Indochina Time): GET, /
Thu Dec 06 2018 10:30:59 GMT+0700 (Indochina Time): GET, /
Thu Dec 06 2018 10:31:23 GMT+0700 (Indochina Time): GET, /
Thu Dec 06 2018 10:31:42 GMT+0700 (Indochina Time): GET, /
Thu Dec 06 2018 10:31:43 GMT+0700 (Indochina Time): GET, /
Thu Dec 06 2018 10:32:03 GMT+0700 (Indochina Time): GET, /todos/5c07548ae90dfcf2c30a81c1
Thu Dec 06 2018 10:32:05 GMT+0700 (Indochina Time): GET, /todos
Thu Dec 06 2018 10:32:06 GMT+0700 (Indochina Time): GET, /
Thu Dec 06 2018 10:34:24 GMT+0700 (Indochina Time): GET, /
Thu Dec 06 2018 10:34:25 GMT+0700 (Indochina Time): GET, /
Thu Dec 06 2018 10:34:34 GMT+0700 (Indochina Time): GET, /
Thu Dec 06 2018 10:34:34 GMT+0700 (Indochina Time): GET, /docs/4.0/assets/brand/bootstrap-solid.svg
Thu Dec 06 2018 10:37:55 GMT+0700 (Indochina Time): GET, /
Thu Dec 06 2018 10:37:55 GMT+0700 (Indochina Time): GET, /docs/4.0/assets/brand/bootstrap-solid.svg
Thu Dec 06 2018 10:37:55 GMT+0700 (Indochina Time): GET, /
Thu Dec 06 2018 10:37:55 GMT+0700 (Indochina Time): GET, /docs/4.0/assets/brand/bootstrap-solid.svg
Thu Dec 06 2018 10:38:19 GMT+0700 (Indochina Time): GET, /
Thu Dec 06 2018 10:38:19 GMT+0700 (Indochina Time): GET, /docs/4.0/assets/brand/bootstrap-solid.svg
Thu Dec 06 2018 10:38:24 GMT+0700 (Indochina Time): GET, /
Thu Dec 06 2018 10:38:33 GMT+0700 (Indochina Time): GET, /
Thu Dec 06 2018 10:38:42 GMT+0700 (Indochina Time): GET, /
Thu Dec 06 2018 10:38:43 GMT+0700 (Indochina Time): GET, /
Thu Dec 06 2018 10:38:44 GMT+0700 (Indochina Time): GET, /list
Thu Dec 06 2018 10:39:01 GMT+0700 (Indochina Time): GET, /list
Thu Dec 06 2018 10:39:02 GMT+0700 (Indochina Time): GET, /
Thu Dec 06 2018 10:39:03 GMT+0700 (Indochina Time): GET, /
Thu Dec 06 2018 10:39:04 GMT+0700 (Indochina Time): GET, /list
Thu Dec 06 2018 10:39:05 GMT+0700 (Indochina Time): GET, /
Thu Dec 06 2018 10:39:23 GMT+0700 (Indochina Time): GET, /
Thu Dec 06 2018 10:39:26 GMT+0700 (Indochina Time): GET, /list
Thu Dec 06 2018 10:40:26 GMT+0700 (Indochina Time): GET, /list
Thu Dec 06 2018 10:42:22 GMT+0700 (Indochina Time): GET, /
Thu Dec 06 2018 10:42:25 GMT+0700 (Indochina Time): GET, /list
Thu Dec 06 2018 10:42:26 GMT+0700 (Indochina Time): GET, /
Thu Dec 06 2018 10:42:27 GMT+0700 (Indochina Time): GET, /add
Thu Dec 06 2018 10:42:30 GMT+0700 (Indochina Time): GET, /list
Thu Dec 06 2018 10:42:31 GMT+0700 (Indochina Time): GET, /todos/5c07548ae90dfcf2c30a81c1
Thu Dec 06 2018 10:43:19 GMT+0700 (Indochina Time): GET, /list
Thu Dec 06 2018 10:43:25 GMT+0700 (Indochina Time): GET, /list
Thu Dec 06 2018 10:43:31 GMT+0700 (Indochina Time): GET, /list
Thu Dec 06 2018 10:43:56 GMT+0700 (Indochina Time): GET, /list
Thu Dec 06 2018 10:47:58 GMT+0700 (Indochina Time): GET, /
Thu Dec 06 2018 10:47:59 GMT+0700 (Indochina Time): GET, /list
Thu Dec 06 2018 10:48:00 GMT+0700 (Indochina Time): GET, /todos/5c07548ae90dfcf2c30a81c1
Thu Dec 06 2018 10:48:05 GMT+0700 (Indochina Time): GET, /todos/5c07548ae90dfcf2c30a81c1
Thu Dec 06 2018 10:49:10 GMT+0700 (Indochina Time): GET, /list
Thu Dec 06 2018 10:49:33 GMT+0700 (Indochina Time): GET, /list
Thu Dec 06 2018 10:49:34 GMT+0700 (Indochina Time): GET, /todos/5c07548ae90dfcf2c30a81c1
Thu Dec 06 2018 10:49:45 GMT+0700 (Indochina Time): GET, /list
Thu Dec 06 2018 10:50:02 GMT+0700 (Indochina Time): GET, /list
Thu Dec 06 2018 10:50:44 GMT+0700 (Indochina Time): GET, /list
Thu Dec 06 2018 10:50:48 GMT+0700 (Indochina Time): GET, /
Thu Dec 06 2018 10:50:49 GMT+0700 (Indochina Time): GET, /list
Thu Dec 06 2018 10:53:26 GMT+0700 (Indochina Time): GET, /list
Thu Dec 06 2018 10:53:31 GMT+0700 (Indochina Time): GET, /list
Thu Dec 06 2018 10:53:38 GMT+0700 (Indochina Time): GET, /list
Thu Dec 06 2018 10:53:40 GMT+0700 (Indochina Time): GET, /list
Thu Dec 06 2018 10:55:01 GMT+0700 (Indochina Time): GET, /list
Thu Dec 06 2018 10:55:02 GMT+0700 (Indochina Time): GET, /
Thu Dec 06 2018 10:55:03 GMT+0700 (Indochina Time): GET, /add
Thu Dec 06 2018 10:55:06 GMT+0700 (Indochina Time): GET, /
Thu Dec 06 2018 10:55:07 GMT+0700 (Indochina Time): GET, /list
Thu Dec 06 2018 10:55:42 GMT+0700 (Indochina Time): GET, /list
Thu Dec 06 2018 10:59:05 GMT+0700 (Indochina Time): GET, /list
Thu Dec 06 2018 11:08:48 GMT+0700 (Indochina Time): GET, /
Thu Dec 06 2018 11:08:50 GMT+0700 (Indochina Time): GET, /list
Thu Dec 06 2018 11:09:51 GMT+0700 (Indochina Time): GET, /list
Thu Dec 06 2018 11:10:40 GMT+0700 (Indochina Time): GET, /list
Thu Dec 06 2018 11:10:55 GMT+0700 (Indochina Time): GET, /list
Thu Dec 06 2018 11:11:08 GMT+0700 (Indochina Time): GET, /
Thu Dec 06 2018 11:11:10 GMT+0700 (Indochina Time): GET, /list
Thu Dec 06 2018 11:16:34 GMT+0700 (Indochina Time): GET, /list
Thu Dec 06 2018 11:16:35 GMT+0700 (Indochina Time): GET, /js/list.js
Thu Dec 06 2018 11:16:35 GMT+0700 (Indochina Time): GET, /js/list.js
Thu Dec 06 2018 11:16:54 GMT+0700 (Indochina Time): GET, /js/list.js
Thu Dec 06 2018 11:17:05 GMT+0700 (Indochina Time): GET, /views/js/list.js
Thu Dec 06 2018 11:17:13 GMT+0700 (Indochina Time): GET, /server/views/js/list.js
Thu Dec 06 2018 11:17:15 GMT+0700 (Indochina Time): GET, /
Thu Dec 06 2018 11:17:17 GMT+0700 (Indochina Time): GET, /
Thu Dec 06 2018 11:17:18 GMT+0700 (Indochina Time): GET, /list
Thu Dec 06 2018 11:17:18 GMT+0700 (Indochina Time): GET, /js/list.js
Thu Dec 06 2018 11:17:18 GMT+0700 (Indochina Time): GET, /js/list.js
Thu Dec 06 2018 11:17:25 GMT+0700 (Indochina Time): GET, /list
Thu Dec 06 2018 11:17:27 GMT+0700 (Indochina Time): GET, /js/list.js
Thu Dec 06 2018 11:17:57 GMT+0700 (Indochina Time): GET, /list
Thu Dec 06 2018 11:17:58 GMT+0700 (Indochina Time): GET, /js/list.js
Thu Dec 06 2018 11:18:02 GMT+0700 (Indochina Time): GET, /list
Thu Dec 06 2018 11:18:02 GMT+0700 (Indochina Time): GET, /js/list.js
Thu Dec 06 2018 11:18:02 GMT+0700 (Indochina Time): GET, /js/list.js
Thu Dec 06 2018 11:18:57 GMT+0700 (Indochina Time): GET, /list
Thu Dec 06 2018 11:20:46 GMT+0700 (Indochina Time): GET, /list
Thu Dec 06 2018 11:20:48 GMT+0700 (Indochina Time): GET, /list
Thu Dec 06 2018 11:20:54 GMT+0700 (Indochina Time): GET, /list
Thu Dec 06 2018 11:21:28 GMT+0700 (Indochina Time): GET, /list
Thu Dec 06 2018 11:22:11 GMT+0700 (Indochina Time): GET, /list
Thu Dec 06 2018 11:22:17 GMT+0700 (Indochina Time): GET, /list
Thu Dec 06 2018 11:23:32 GMT+0700 (Indochina Time): GET, /list
Thu Dec 06 2018 11:23:44 GMT+0700 (Indochina Time): GET, /list
Thu Dec 06 2018 11:23:55 GMT+0700 (Indochina Time): GET, /list
Thu Dec 06 2018 11:24:06 GMT+0700 (Indochina Time): GET, /list
Thu Dec 06 2018 11:24:16 GMT+0700 (Indochina Time): GET, /list
Thu Dec 06 2018 11:24:28 GMT+0700 (Indochina Time): GET, /list
Thu Dec 06 2018 11:25:02 GMT+0700 (Indochina Time): GET, /
Thu Dec 06 2018 11:25:03 GMT+0700 (Indochina Time): GET, /list
Thu Dec 06 2018 11:25:05 GMT+0700 (Indochina Time): GET, /
Thu Dec 06 2018 11:25:06 GMT+0700 (Indochina Time): GET, /add
Thu Dec 06 2018 11:25:08 GMT+0700 (Indochina Time): GET, /list
Thu Dec 06 2018 11:25:09 GMT+0700 (Indochina Time): GET, /
Thu Dec 06 2018 11:25:10 GMT+0700 (Indochina Time): GET, /list
Thu Dec 06 2018 11:26:43 GMT+0700 (Indochina Time): GET, /list
Thu Dec 06 2018 11:29:02 GMT+0700 (Indochina Time): GET, /list
Thu Dec 06 2018 11:29:33 GMT+0700 (Indochina Time): GET, /list
Thu Dec 06 2018 11:29:53 GMT+0700 (Indochina Time): GET, /list
Thu Dec 06 2018 11:30:16 GMT+0700 (Indochina Time): GET, /list
Thu Dec 06 2018 11:30:48 GMT+0700 (Indochina Time): GET, /list
Thu Dec 06 2018 11:30:56 GMT+0700 (Indochina Time): GET, /list
Thu Dec 06 2018 11:31:05 GMT+0700 (Indochina Time): GET, /list
Thu Dec 06 2018 11:32:05 GMT+0700 (Indochina Time): GET, /list
Thu Dec 06 2018 11:32:47 GMT+0700 (Indochina Time): GET, /list
Thu Dec 06 2018 11:33:25 GMT+0700 (Indochina Time): GET, /list
Thu Dec 06 2018 11:33:48 GMT+0700 (Indochina Time): GET, /list
Thu Dec 06 2018 11:35:13 GMT+0700 (Indochina Time): GET, /list
Thu Dec 06 2018 11:35:23 GMT+0700 (Indochina Time): GET, /list
Thu Dec 06 2018 11:36:59 GMT+0700 (Indochina Time): GET, /list
Thu Dec 06 2018 11:37:06 GMT+0700 (Indochina Time): GET, /list
Thu Dec 06 2018 11:37:08 GMT+0700 (Indochina Time): GET, /list
Thu Dec 06 2018 11:37:22 GMT+0700 (Indochina Time): GET, /list
Thu Dec 06 2018 11:37:51 GMT+0700 (Indochina Time): GET, /list
Thu Dec 06 2018 11:37:56 GMT+0700 (Indochina Time): GET, /list
Thu Dec 06 2018 11:39:02 GMT+0700 (Indochina Time): GET, /list
Thu Dec 06 2018 11:39:58 GMT+0700 (Indochina Time): GET, /list
Thu Dec 06 2018 11:40:42 GMT+0700 (Indochina Time): GET, /list
Thu Dec 06 2018 11:40:51 GMT+0700 (Indochina Time): GET, /list
Thu Dec 06 2018 11:40:58 GMT+0700 (Indochina Time): GET, /list
Thu Dec 06 2018 11:41:12 GMT+0700 (Indochina Time): GET, /list
Thu Dec 06 2018 11:41:18 GMT+0700 (Indochina Time): GET, /list
Thu Dec 06 2018 11:41:53 GMT+0700 (Indochina Time): GET, /list
Thu Dec 06 2018 11:42:17 GMT+0700 (Indochina Time): GET, /list
Thu Dec 06 2018 12:06:32 GMT+0700 (Indochina Time): GET, /list
Thu Dec 06 2018 12:06:49 GMT+0700 (Indochina Time): GET, /list
Thu Dec 06 2018 13:09:06 GMT+0700 (Indochina Time): GET, /list
Thu Dec 06 2018 13:13:44 GMT+0700 (Indochina Time): GET, /list
Thu Dec 06 2018 13:14:03 GMT+0700 (Indochina Time): GET, /list
Thu Dec 06 2018 13:14:04 GMT+0700 (Indochina Time): GET, /list
Thu Dec 06 2018 13:14:25 GMT+0700 (Indochina Time): GET, /list
Thu Dec 06 2018 13:14:28 GMT+0700 (Indochina Time): GET, /list
Thu Dec 06 2018 13:14:56 GMT+0700 (Indochina Time): GET, /list
Thu Dec 06 2018 13:15:24 GMT+0700 (Indochina Time): GET, /list
Thu Dec 06 2018 13:19:05 GMT+0700 (Indochina Time): GET, /list
Thu Dec 06 2018 13:20:57 GMT+0700 (Indochina Time): GET, /list
Thu Dec 06 2018 13:22:52 GMT+0700 (Indochina Time): GET, /list
Thu Dec 06 2018 13:24:24 GMT+0700 (Indochina Time): GET, /list
Thu Dec 06 2018 13:24:27 GMT+0700 (Indochina Time): POST, /update
Thu Dec 06 2018 13:24:30 GMT+0700 (Indochina Time): POST, /update
Thu Dec 06 2018 13:24:32 GMT+0700 (Indochina Time): POST, /update
Thu Dec 06 2018 13:25:27 GMT+0700 (Indochina Time): GET, /list
Thu Dec 06 2018 13:26:18 GMT+0700 (Indochina Time): POST, /update
Thu Dec 06 2018 13:26:24 GMT+0700 (Indochina Time): POST, /update
Thu Dec 06 2018 13:27:18 GMT+0700 (Indochina Time): GET, /list
Thu Dec 06 2018 13:27:21 GMT+0700 (Indochina Time): POST, /update
Thu Dec 06 2018 13:27:27 GMT+0700 (Indochina Time): POST, /update
Thu Dec 06 2018 13:27:29 GMT+0700 (Indochina Time): GET, /list
Thu Dec 06 2018 13:27:37 GMT+0700 (Indochina Time): POST, /update
Thu Dec 06 2018 13:28:01 GMT+0700 (Indochina Time): GET, /list
Thu Dec 06 2018 13:28:04 GMT+0700 (Indochina Time): POST, /update
Thu Dec 06 2018 13:28:11 GMT+0700 (Indochina Time): GET, /list
Thu Dec 06 2018 13:28:18 GMT+0700 (Indochina Time): POST, /update
Thu Dec 06 2018 13:28:37 GMT+0700 (Indochina Time): GET, /list
Thu Dec 06 2018 13:28:41 GMT+0700 (Indochina Time): POST, /update
Thu Dec 06 2018 13:47:48 GMT+0700 (Indochina Time): GET, /list
Thu Dec 06 2018 13:47:50 GMT+0700 (Indochina Time): POST, /update
Thu Dec 06 2018 13:48:11 GMT+0700 (Indochina Time): GET, /update
Thu Dec 06 2018 13:48:15 GMT+0700 (Indochina Time): POST, /update
Thu Dec 06 2018 13:49:06 GMT+0700 (Indochina Time): GET, /list
Thu Dec 06 2018 13:49:10 GMT+0700 (Indochina Time): POST, /update
Thu Dec 06 2018 13:50:26 GMT+0700 (Indochina Time): GET, /
Thu Dec 06 2018 13:50:27 GMT+0700 (Indochina Time): GET, /list
Thu Dec 06 2018 13:52:04 GMT+0700 (Indochina Time): GET, /list
Thu Dec 06 2018 13:52:07 GMT+0700 (Indochina Time): POST, /update
Thu Dec 06 2018 13:52:28 GMT+0700 (Indochina Time): GET, /list
Thu Dec 06 2018 13:52:30 GMT+0700 (Indochina Time): POST, /update
Thu Dec 06 2018 13:52:42 GMT+0700 (Indochina Time): POST, /update
Thu Dec 06 2018 13:53:32 GMT+0700 (Indochina Time): GET, /list
Thu Dec 06 2018 13:53:33 GMT+0700 (Indochina Time): POST, /update
Thu Dec 06 2018 13:53:47 GMT+0700 (Indochina Time): GET, /list
Thu Dec 06 2018 13:53:49 GMT+0700 (Indochina Time): POST, /update
Thu Dec 06 2018 13:53:59 GMT+0700 (Indochina Time): POST, /update
Thu Dec 06 2018 13:55:53 GMT+0700 (Indochina Time): GET, /list
Thu Dec 06 2018 13:55:56 GMT+0700 (Indochina Time): POST, /update
Thu Dec 06 2018 13:56:02 GMT+0700 (Indochina Time): POST, /update
Thu Dec 06 2018 13:57:37 GMT+0700 (Indochina Time): GET, /list
Thu Dec 06 2018 13:58:05 GMT+0700 (Indochina Time): GET, /list
Thu Dec 06 2018 13:58:12 GMT+0700 (Indochina Time): GET, /list
Thu Dec 06 2018 13:59:03 GMT+0700 (Indochina Time): GET, /list
Thu Dec 06 2018 14:01:11 GMT+0700 (Indochina Time): GET, /list
Thu Dec 06 2018 14:02:31 GMT+0700 (Indochina Time): GET, /list
Thu Dec 06 2018 14:02:33 GMT+0700 (Indochina Time): POST, /update
Thu Dec 06 2018 14:06:08 GMT+0700 (Indochina Time): GET, /list
Thu Dec 06 2018 14:06:17 GMT+0700 (Indochina Time): POST, /update
Thu Dec 06 2018 14:09:36 GMT+0700 (Indochina Time): GET, /list
Thu Dec 06 2018 14:09:48 GMT+0700 (Indochina Time): POST, /update
Thu Dec 06 2018 14:09:48 GMT+0700 (Indochina Time): GET, /list
Thu Dec 06 2018 14:09:53 GMT+0700 (Indochina Time): POST, /update
Thu Dec 06 2018 14:09:53 GMT+0700 (Indochina Time): GET, /list
Thu Dec 06 2018 14:10:01 GMT+0700 (Indochina Time): POST, /update
Thu Dec 06 2018 14:10:01 GMT+0700 (Indochina Time): GET, /list
Thu Dec 06 2018 14:10:18 GMT+0700 (Indochina Time): POST, /update
Thu Dec 06 2018 14:10:18 GMT+0700 (Indochina Time): GET, /list
Thu Dec 06 2018 14:11:09 GMT+0700 (Indochina Time): POST, /update
Thu Dec 06 2018 14:11:09 GMT+0700 (Indochina Time): GET, /list
Thu Dec 06 2018 14:11:13 GMT+0700 (Indochina Time): POST, /update
Thu Dec 06 2018 14:11:13 GMT+0700 (Indochina Time): GET, /list
Thu Dec 06 2018 14:11:17 GMT+0700 (Indochina Time): POST, /update
Thu Dec 06 2018 14:11:17 GMT+0700 (Indochina Time): GET, /list
Thu Dec 06 2018 14:11:22 GMT+0700 (Indochina Time): POST, /update
Thu Dec 06 2018 14:11:22 GMT+0700 (Indochina Time): GET, /list
Thu Dec 06 2018 14:11:42 GMT+0700 (Indochina Time): GET, /list
Thu Dec 06 2018 14:12:46 GMT+0700 (Indochina Time): GET, /list
Thu Dec 06 2018 14:12:53 GMT+0700 (Indochina Time): GET, /list
Thu Dec 06 2018 14:13:09 GMT+0700 (Indochina Time): GET, /list
Thu Dec 06 2018 14:14:14 GMT+0700 (Indochina Time): GET, /list
Thu Dec 06 2018 14:14:21 GMT+0700 (Indochina Time): POST, /update
Thu Dec 06 2018 14:14:30 GMT+0700 (Indochina Time): POST, /update
Thu Dec 06 2018 14:14:39 GMT+0700 (Indochina Time): POST, /update
Thu Dec 06 2018 14:17:05 GMT+0700 (Indochina Time): GET, /list
Thu Dec 06 2018 14:17:11 GMT+0700 (Indochina Time): POST, /update
Thu Dec 06 2018 14:17:11 GMT+0700 (Indochina Time): GET, /list
Thu Dec 06 2018 14:18:46 GMT+0700 (Indochina Time): GET, /list
Thu Dec 06 2018 14:18:48 GMT+0700 (Indochina Time): POST, /update
Thu Dec 06 2018 14:18:54 GMT+0700 (Indochina Time): POST, /update
Thu Dec 06 2018 14:18:58 GMT+0700 (Indochina Time): POST, /update
Thu Dec 06 2018 14:19:05 GMT+0700 (Indochina Time): POST, /update
Thu Dec 06 2018 14:19:52 GMT+0700 (Indochina Time): GET, /update
Thu Dec 06 2018 14:19:55 GMT+0700 (Indochina Time): POST, /update
Thu Dec 06 2018 14:20:59 GMT+0700 (Indochina Time): GET, /list
Thu Dec 06 2018 14:21:01 GMT+0700 (Indochina Time): POST, /update
Thu Dec 06 2018 14:21:07 GMT+0700 (Indochina Time): POST, /update
Thu Dec 06 2018 14:21:20 GMT+0700 (Indochina Time): GET, /list
Thu Dec 06 2018 14:21:21 GMT+0700 (Indochina Time): POST, /update
Thu Dec 06 2018 14:21:32 GMT+0700 (Indochina Time): POST, /update
Thu Dec 06 2018 14:25:55 GMT+0700 (Indochina Time): GET, /list
Thu Dec 06 2018 14:26:02 GMT+0700 (Indochina Time): POST, /update
Thu Dec 06 2018 14:26:23 GMT+0700 (Indochina Time): POST, /update
Thu Dec 06 2018 14:26:43 GMT+0700 (Indochina Time): GET, /list
Thu Dec 06 2018 14:27:02 GMT+0700 (Indochina Time): GET, /list
Thu Dec 06 2018 14:27:11 GMT+0700 (Indochina Time): POST, /update
Thu Dec 06 2018 14:27:11 GMT+0700 (Indochina Time): GET, /list
Thu Dec 06 2018 14:27:34 GMT+0700 (Indochina Time): GET, /list
Thu Dec 06 2018 14:27:42 GMT+0700 (Indochina Time): GET, /list
Thu Dec 06 2018 14:27:43 GMT+0700 (Indochina Time): GET, /list
Thu Dec 06 2018 14:27:55 GMT+0700 (Indochina Time): POST, /update
Thu Dec 06 2018 14:27:55 GMT+0700 (Indochina Time): GET, /list
Thu Dec 06 2018 14:28:20 GMT+0700 (Indochina Time): GET, /list
Thu Dec 06 2018 14:28:23 GMT+0700 (Indochina Time): POST, /update
Thu Dec 06 2018 14:28:23 GMT+0700 (Indochina Time): GET, /list
Thu Dec 06 2018 14:28:50 GMT+0700 (Indochina Time): POST, /update
Thu Dec 06 2018 14:28:50 GMT+0700 (Indochina Time): GET, /list
Thu Dec 06 2018 14:29:03 GMT+0700 (Indochina Time): POST, /update
Thu Dec 06 2018 14:29:03 GMT+0700 (Indochina Time): GET, /list
Thu Dec 06 2018 14:29:42 GMT+0700 (Indochina Time): POST, /update
Thu Dec 06 2018 14:29:42 GMT+0700 (Indochina Time): GET, /list
Thu Dec 06 2018 14:30:07 GMT+0700 (Indochina Time): GET, /list
Thu Dec 06 2018 14:30:15 GMT+0700 (Indochina Time): GET, /list
Thu Dec 06 2018 14:30:26 GMT+0700 (Indochina Time): POST, /update
Thu Dec 06 2018 14:30:26 GMT+0700 (Indochina Time): GET, /list
Thu Dec 06 2018 14:30:32 GMT+0700 (Indochina Time): POST, /update
Thu Dec 06 2018 14:30:32 GMT+0700 (Indochina Time): GET, /list
Thu Dec 06 2018 14:30:37 GMT+0700 (Indochina Time): POST, /update
Thu Dec 06 2018 14:30:37 GMT+0700 (Indochina Time): GET, /list
Thu Dec 06 2018 14:30:54 GMT+0700 (Indochina Time): POST, /update
Thu Dec 06 2018 14:30:54 GMT+0700 (Indochina Time): GET, /list
Thu Dec 06 2018 14:31:01 GMT+0700 (Indochina Time): POST, /update
Thu Dec 06 2018 14:31:01 GMT+0700 (Indochina Time): GET, /list
Thu Dec 06 2018 14:31:04 GMT+0700 (Indochina Time): GET, /
Thu Dec 06 2018 14:31:05 GMT+0700 (Indochina Time): GET, /list
Thu Dec 06 2018 14:31:12 GMT+0700 (Indochina Time): POST, /update
Thu Dec 06 2018 14:31:12 GMT+0700 (Indochina Time): GET, /list
Thu Dec 06 2018 14:31:15 GMT+0700 (Indochina Time): POST, /update
Thu Dec 06 2018 14:31:15 GMT+0700 (Indochina Time): GET, /list
Thu Dec 06 2018 14:40:45 GMT+0700 (Indochina Time): GET, /list
Thu Dec 06 2018 14:41:07 GMT+0700 (Indochina Time): GET, /list
Thu Dec 06 2018 14:41:29 GMT+0700 (Indochina Time): GET, /list
Thu Dec 06 2018 14:41:33 GMT+0700 (Indochina Time): GET, /list
Thu Dec 06 2018 14:41:44 GMT+0700 (Indochina Time): GET, /list
Thu Dec 06 2018 14:42:19 GMT+0700 (Indochina Time): GET, /list
Thu Dec 06 2018 14:42:20 GMT+0700 (Indochina Time): GET, /list
Thu Dec 06 2018 14:42:25 GMT+0700 (Indochina Time): GET, /list
Thu Dec 06 2018 14:42:41 GMT+0700 (Indochina Time): GET, /list
Thu Dec 06 2018 14:42:42 GMT+0700 (Indochina Time): GET, /list
Thu Dec 06 2018 14:42:56 GMT+0700 (Indochina Time): GET, /list
Thu Dec 06 2018 14:43:02 GMT+0700 (Indochina Time): POST, /update
Thu Dec 06 2018 14:43:02 GMT+0700 (Indochina Time): GET, /list
Thu Dec 06 2018 14:43:06 GMT+0700 (Indochina Time): GET, /list
Thu Dec 06 2018 14:44:42 GMT+0700 (Indochina Time): GET, /list
Thu Dec 06 2018 14:44:50 GMT+0700 (Indochina Time): GET, /list
Thu Dec 06 2018 14:45:21 GMT+0700 (Indochina Time): GET, /list
Thu Dec 06 2018 14:45:47 GMT+0700 (Indochina Time): GET, /list
Thu Dec 06 2018 14:46:06 GMT+0700 (Indochina Time): GET, /list
Thu Dec 06 2018 14:46:13 GMT+0700 (Indochina Time): GET, /list
Thu Dec 06 2018 14:46:27 GMT+0700 (Indochina Time): GET, /list
Thu Dec 06 2018 14:46:48 GMT+0700 (Indochina Time): GET, /list
Thu Dec 06 2018 14:47:02 GMT+0700 (Indochina Time): GET, /list
Thu Dec 06 2018 14:47:28 GMT+0700 (Indochina Time): GET, /list
Thu Dec 06 2018 14:48:00 GMT+0700 (Indochina Time): GET, /list
Thu Dec 06 2018 14:49:07 GMT+0700 (Indochina Time): GET, /list
Thu Dec 06 2018 14:50:04 GMT+0700 (Indochina Time): GET, /list
Thu Dec 06 2018 14:50:27 GMT+0700 (Indochina Time): GET, /list
Thu Dec 06 2018 14:50:28 GMT+0700 (Indochina Time): GET, /list
Thu Dec 06 2018 14:51:38 GMT+0700 (Indochina Time): GET, /list
Thu Dec 06 2018 14:52:14 GMT+0700 (Indochina Time): GET, /list
Thu Dec 06 2018 14:52:15 GMT+0700 (Indochina Time): POST, /delete
Thu Dec 06 2018 14:52:30 GMT+0700 (Indochina Time): GET, /list
Thu Dec 06 2018 14:52:31 GMT+0700 (Indochina Time): GET, /delete?
Thu Dec 06 2018 14:52:42 GMT+0700 (Indochina Time): GET, /list
Thu Dec 06 2018 14:52:44 GMT+0700 (Indochina Time): GET, /delete?
Thu Dec 06 2018 14:53:03 GMT+0700 (Indochina Time): GET, /list
Thu Dec 06 2018 14:53:06 GMT+0700 (Indochina Time): GET, /delete/:id?
Thu Dec 06 2018 14:54:55 GMT+0700 (Indochina Time): GET, /
Thu Dec 06 2018 14:54:56 GMT+0700 (Indochina Time): GET, /list
Thu Dec 06 2018 14:55:12 GMT+0700 (Indochina Time): GET, /
Thu Dec 06 2018 14:55:13 GMT+0700 (Indochina Time): GET, /add
Thu Dec 06 2018 14:55:16 GMT+0700 (Indochina Time): GET, /list
Thu Dec 06 2018 14:56:29 GMT+0700 (Indochina Time): GET, /list
Thu Dec 06 2018 14:58:17 GMT+0700 (Indochina Time): GET, /list
Thu Dec 06 2018 14:58:18 GMT+0700 (Indochina Time): POST, /delete
Thu Dec 06 2018 14:58:47 GMT+0700 (Indochina Time): GET, /list
Thu Dec 06 2018 14:58:49 GMT+0700 (Indochina Time): POST, /delete
Thu Dec 06 2018 14:58:59 GMT+0700 (Indochina Time): GET, /list
Thu Dec 06 2018 14:59:28 GMT+0700 (Indochina Time): POST, /update
Thu Dec 06 2018 14:59:28 GMT+0700 (Indochina Time): GET, /list
Thu Dec 06 2018 14:59:34 GMT+0700 (Indochina Time): POST, /update
Thu Dec 06 2018 14:59:34 GMT+0700 (Indochina Time): GET, /list
Thu Dec 06 2018 15:00:15 GMT+0700 (Indochina Time): GET, /list
Thu Dec 06 2018 15:00:17 GMT+0700 (Indochina Time): POST, /delete
Thu Dec 06 2018 15:00:39 GMT+0700 (Indochina Time): GET, /list
Thu Dec 06 2018 15:00:42 GMT+0700 (Indochina Time): GET, /list
Thu Dec 06 2018 15:00:49 GMT+0700 (Indochina Time): GET, /list
Thu Dec 06 2018 15:00:52 GMT+0700 (Indochina Time): POST, /delete
Thu Dec 06 2018 15:01:35 GMT+0700 (Indochina Time): GET, /list
Thu Dec 06 2018 15:01:36 GMT+0700 (Indochina Time): POST, /delete
Thu Dec 06 2018 15:02:18 GMT+0700 (Indochina Time): GET, /list
Thu Dec 06 2018 15:02:19 GMT+0700 (Indochina Time): POST, /delete
Thu Dec 06 2018 15:02:27 GMT+0700 (Indochina Time): GET, /list
Thu Dec 06 2018 15:02:33 GMT+0700 (Indochina Time): GET, /list
Thu Dec 06 2018 15:02:37 GMT+0700 (Indochina Time): POST, /delete
Thu Dec 06 2018 15:02:46 GMT+0700 (Indochina Time): GET, /list
Thu Dec 06 2018 15:02:48 GMT+0700 (Indochina Time): POST, /delete
Thu Dec 06 2018 15:03:06 GMT+0700 (Indochina Time): GET, /list
Thu Dec 06 2018 15:03:07 GMT+0700 (Indochina Time): POST, /delete
Thu Dec 06 2018 15:03:27 GMT+0700 (Indochina Time): GET, /list
Thu Dec 06 2018 15:03:29 GMT+0700 (Indochina Time): POST, /delete
Thu Dec 06 2018 15:04:13 GMT+0700 (Indochina Time): GET, /list
Thu Dec 06 2018 15:04:51 GMT+0700 (Indochina Time): GET, /list
Thu Dec 06 2018 15:04:59 GMT+0700 (Indochina Time): GET, /list
Thu Dec 06 2018 15:05:03 GMT+0700 (Indochina Time): POST, /delete
Thu Dec 06 2018 15:05:14 GMT+0700 (Indochina Time): GET, /list
Thu Dec 06 2018 15:05:15 GMT+0700 (Indochina Time): GET, /list
Thu Dec 06 2018 15:05:15 GMT+0700 (Indochina Time): GET, /list
Thu Dec 06 2018 15:05:17 GMT+0700 (Indochina Time): POST, /delete
Thu Dec 06 2018 15:06:01 GMT+0700 (Indochina Time): GET, /list
Thu Dec 06 2018 15:06:03 GMT+0700 (Indochina Time): POST, /delete
Thu Dec 06 2018 15:06:56 GMT+0700 (Indochina Time): GET, /list
Thu Dec 06 2018 15:06:58 GMT+0700 (Indochina Time): POST, /delete
Thu Dec 06 2018 15:07:10 GMT+0700 (Indochina Time): GET, /list
Thu Dec 06 2018 15:07:11 GMT+0700 (Indochina Time): POST, /delete
Thu Dec 06 2018 15:08:34 GMT+0700 (Indochina Time): GET, /list
Thu Dec 06 2018 15:08:35 GMT+0700 (Indochina Time): POST, /delete
Thu Dec 06 2018 15:08:38 GMT+0700 (Indochina Time): POST, /delete
Thu Dec 06 2018 15:09:14 GMT+0700 (Indochina Time): GET, /list
Thu Dec 06 2018 15:09:16 GMT+0700 (Indochina Time): POST, /delete
Thu Dec 06 2018 15:13:00 GMT+0700 (Indochina Time): GET, /list
Thu Dec 06 2018 15:13:10 GMT+0700 (Indochina Time): POST, /delete
Thu Dec 06 2018 15:13:10 GMT+0700 (Indochina Time): GET, /list
Thu Dec 06 2018 15:13:17 GMT+0700 (Indochina Time): POST, /delete
Thu Dec 06 2018 15:13:17 GMT+0700 (Indochina Time): GET, /list
Thu Dec 06 2018 15:13:45 GMT+0700 (Indochina Time): GET, /list
Thu Dec 06 2018 15:14:20 GMT+0700 (Indochina Time): GET, /
Thu Dec 06 2018 15:14:22 GMT+0700 (Indochina Time): GET, /list
Thu Dec 06 2018 15:14:23 GMT+0700 (Indochina Time): GET, /
Thu Dec 06 2018 15:14:24 GMT+0700 (Indochina Time): GET, /list
Thu Dec 06 2018 15:15:05 GMT+0700 (Indochina Time): GET, /list
Thu Dec 06 2018 15:15:07 GMT+0700 (Indochina Time): GET, /
Thu Dec 06 2018 15:15:16 GMT+0700 (Indochina Time): GET, /
Thu Dec 06 2018 15:15:18 GMT+0700 (Indochina Time): GET, /
Thu Dec 06 2018 15:15:19 GMT+0700 (Indochina Time): GET, /
Thu Dec 06 2018 15:15:20 GMT+0700 (Indochina Time): GET, /list
Thu Dec 06 2018 15:15:21 GMT+0700 (Indochina Time): GET, /
Thu Dec 06 2018 15:15:21 GMT+0700 (Indochina Time): GET, /list
Thu Dec 06 2018 15:15:23 GMT+0700 (Indochina Time): GET, /
Thu Dec 06 2018 15:15:23 GMT+0700 (Indochina Time): GET, /list
Thu Dec 06 2018 15:15:28 GMT+0700 (Indochina Time): POST, /delete
Thu Dec 06 2018 15:15:28 GMT+0700 (Indochina Time): GET, /list
Thu Dec 06 2018 15:15:30 GMT+0700 (Indochina Time): POST, /delete
Thu Dec 06 2018 15:15:30 GMT+0700 (Indochina Time): GET, /list
Thu Dec 06 2018 15:15:33 GMT+0700 (Indochina Time): POST, /delete
Thu Dec 06 2018 15:15:33 GMT+0700 (Indochina Time): GET, /list
Thu Dec 06 2018 15:15:35 GMT+0700 (Indochina Time): GET, /
Thu Dec 06 2018 15:15:36 GMT+0700 (Indochina Time): GET, /list
Thu Dec 06 2018 15:15:36 GMT+0700 (Indochina Time): GET, /
Thu Dec 06 2018 15:16:37 GMT+0700 (Indochina Time): GET, /list
Thu Dec 06 2018 15:16:40 GMT+0700 (Indochina Time): GET, /
Thu Dec 06 2018 15:16:40 GMT+0700 (Indochina Time): GET, /list
Thu Dec 06 2018 15:19:42 GMT+0700 (Indochina Time): GET, /list
Thu Dec 06 2018 15:20:31 GMT+0700 (Indochina Time): GET, /list
Thu Dec 06 2018 15:20:32 GMT+0700 (Indochina Time): GET, /list
Thu Dec 06 2018 15:21:03 GMT+0700 (Indochina Time): GET, /list
Thu Dec 06 2018 15:21:04 GMT+0700 (Indochina Time): GET, /list
Thu Dec 06 2018 15:21:05 GMT+0700 (Indochina Time): GET, /list
Thu Dec 06 2018 15:21:18 GMT+0700 (Indochina Time): GET, /list
Thu Dec 06 2018 15:21:18 GMT+0700 (Indochina Time): GET, /list
Thu Dec 06 2018 15:21:24 GMT+0700 (Indochina Time): GET, /list
Thu Dec 06 2018 15:21:30 GMT+0700 (Indochina Time): GET, /list
Thu Dec 06 2018 15:23:13 GMT+0700 (Indochina Time): GET, /list
Thu Dec 06 2018 15:23:14 GMT+0700 (Indochina Time): GET, /list
Thu Dec 06 2018 15:23:14 GMT+0700 (Indochina Time): GET, /list
Thu Dec 06 2018 15:23:20 GMT+0700 (Indochina Time): GET, /
Thu Dec 06 2018 15:23:21 GMT+0700 (Indochina Time): GET, /add
Thu Dec 06 2018 15:23:23 GMT+0700 (Indochina Time): GET, /list
Thu Dec 06 2018 15:24:16 GMT+0700 (Indochina Time): GET, /list
Thu Dec 06 2018 15:24:22 GMT+0700 (Indochina Time): GET, /add
Thu Dec 06 2018 15:24:23 GMT+0700 (Indochina Time): GET, /list
Thu Dec 06 2018 15:24:25 GMT+0700 (Indochina Time): GET, /
Thu Dec 06 2018 15:24:26 GMT+0700 (Indochina Time): GET, /add
Thu Dec 06 2018 15:24:27 GMT+0700 (Indochina Time): GET, /list
Thu Dec 06 2018 15:24:28 GMT+0700 (Indochina Time): GET, /
Thu Dec 06 2018 15:24:29 GMT+0700 (Indochina Time): GET, /add
Thu Dec 06 2018 15:24:30 GMT+0700 (Indochina Time): GET, /list
Thu Dec 06 2018 15:24:31 GMT+0700 (Indochina Time): GET, /add
Thu Dec 06 2018 15:27:24 GMT+0700 (Indochina Time): GET, /add
Thu Dec 06 2018 15:27:25 GMT+0700 (Indochina Time): GET, /add
Thu Dec 06 2018 15:27:26 GMT+0700 (Indochina Time): GET, /list
Thu Dec 06 2018 15:27:27 GMT+0700 (Indochina Time): GET, /add
Thu Dec 06 2018 15:27:38 GMT+0700 (Indochina Time): GET, /add
Thu Dec 06 2018 15:27:40 GMT+0700 (Indochina Time): GET, /
Thu Dec 06 2018 15:27:41 GMT+0700 (Indochina Time): GET, /list
Thu Dec 06 2018 15:27:43 GMT+0700 (Indochina Time): GET, /add
Thu Dec 06 2018 15:28:48 GMT+0700 (Indochina Time): GET, /add
Thu Dec 06 2018 15:28:55 GMT+0700 (Indochina Time): GET, /add
Thu Dec 06 2018 15:29:55 GMT+0700 (Indochina Time): GET, /add
Thu Dec 06 2018 15:30:11 GMT+0700 (Indochina Time): GET, /add
Thu Dec 06 2018 15:30:15 GMT+0700 (Indochina Time): GET, /add
Thu Dec 06 2018 15:31:02 GMT+0700 (Indochina Time): GET, /add
Thu Dec 06 2018 15:31:02 GMT+0700 (Indochina Time): GET, /add
Thu Dec 06 2018 15:31:08 GMT+0700 (Indochina Time): GET, /add
Thu Dec 06 2018 15:31:09 GMT+0700 (Indochina Time): GET, /add
Thu Dec 06 2018 15:31:16 GMT+0700 (Indochina Time): GET, /add
Thu Dec 06 2018 15:31:16 GMT+0700 (Indochina Time): GET, /add
Thu Dec 06 2018 15:31:17 GMT+0700 (Indochina Time): GET, /add
Thu Dec 06 2018 15:32:00 GMT+0700 (Indochina Time): GET, /add
Thu Dec 06 2018 15:32:01 GMT+0700 (Indochina Time): GET, /add
Thu Dec 06 2018 15:32:13 GMT+0700 (Indochina Time): GET, /add
Thu Dec 06 2018 15:32:18 GMT+0700 (Indochina Time): GET, /add
Thu Dec 06 2018 15:32:58 GMT+0700 (Indochina Time): GET, /add
Thu Dec 06 2018 15:33:15 GMT+0700 (Indochina Time): GET, /add
Thu Dec 06 2018 15:33:46 GMT+0700 (Indochina Time): GET, /add
Thu Dec 06 2018 15:33:59 GMT+0700 (Indochina Time): GET, /add
Thu Dec 06 2018 15:34:12 GMT+0700 (Indochina Time): GET, /add
Thu Dec 06 2018 15:34:12 GMT+0700 (Indochina Time): GET, /add
Thu Dec 06 2018 15:34:18 GMT+0700 (Indochina Time): GET, /add
Thu Dec 06 2018 15:34:18 GMT+0700 (Indochina Time): GET, /add
Thu Dec 06 2018 15:34:19 GMT+0700 (Indochina Time): GET, /add
Thu Dec 06 2018 15:34:23 GMT+0700 (Indochina Time): GET, /add
Thu Dec 06 2018 15:34:24 GMT+0700 (Indochina Time): GET, /add
Thu Dec 06 2018 15:34:25 GMT+0700 (Indochina Time): GET, /add
Thu Dec 06 2018 15:34:35 GMT+0700 (Indochina Time): GET, /add
Thu Dec 06 2018 15:34:48 GMT+0700 (Indochina Time): GET, /add
Thu Dec 06 2018 15:34:55 GMT+0700 (Indochina Time): GET, /add
Thu Dec 06 2018 15:35:01 GMT+0700 (Indochina Time): GET, /list
Thu Dec 06 2018 15:35:02 GMT+0700 (Indochina Time): GET, /
Thu Dec 06 2018 15:35:03 GMT+0700 (Indochina Time): GET, /list
Thu Dec 06 2018 15:35:06 GMT+0700 (Indochina Time): GET, /
Thu Dec 06 2018 15:35:08 GMT+0700 (Indochina Time): GET, /list
Thu Dec 06 2018 15:35:11 GMT+0700 (Indochina Time): GET, /add
Thu Dec 06 2018 15:35:23 GMT+0700 (Indochina Time): GET, /add
Thu Dec 06 2018 15:35:36 GMT+0700 (Indochina Time): GET, /add
Thu Dec 06 2018 15:35:40 GMT+0700 (Indochina Time): GET, /add
Thu Dec 06 2018 15:35:48 GMT+0700 (Indochina Time): GET, /list
Thu Dec 06 2018 15:36:08 GMT+0700 (Indochina Time): POST, /update
Thu Dec 06 2018 15:36:08 GMT+0700 (Indochina Time): GET, /list
Thu Dec 06 2018 15:36:13 GMT+0700 (Indochina Time): POST, /delete
Thu Dec 06 2018 15:36:13 GMT+0700 (Indochina Time): GET, /list
Thu Dec 06 2018 15:36:36 GMT+0700 (Indochina Time): GET, /list
Thu Dec 06 2018 15:36:50 GMT+0700 (Indochina Time): GET, /list
Thu Dec 06 2018 15:36:55 GMT+0700 (Indochina Time): GET, /list
Thu Dec 06 2018 15:37:03 GMT+0700 (Indochina Time): GET, /add
Thu Dec 06 2018 15:37:04 GMT+0700 (Indochina Time): GET, /list
Thu Dec 06 2018 15:37:05 GMT+0700 (Indochina Time): GET, /add
Thu Dec 06 2018 15:37:29 GMT+0700 (Indochina Time): GET, /add
Thu Dec 06 2018 15:37:33 GMT+0700 (Indochina Time): GET, /add
Thu Dec 06 2018 15:37:55 GMT+0700 (Indochina Time): GET, /add
Thu Dec 06 2018 15:37:56 GMT+0700 (Indochina Time): GET, /add
Thu Dec 06 2018 15:38:01 GMT+0700 (Indochina Time): GET, /add
Thu Dec 06 2018 15:38:21 GMT+0700 (Indochina Time): GET, /add
Thu Dec 06 2018 15:38:22 GMT+0700 (Indochina Time): GET, /add
Thu Dec 06 2018 15:38:23 GMT+0700 (Indochina Time): GET, /add
Thu Dec 06 2018 15:38:46 GMT+0700 (Indochina Time): GET, /add
Thu Dec 06 2018 15:38:51 GMT+0700 (Indochina Time): GET, /add
Thu Dec 06 2018 15:38:55 GMT+0700 (Indochina Time): GET, /add
Thu Dec 06 2018 15:38:56 GMT+0700 (Indochina Time): GET, /add
Thu Dec 06 2018 15:39:16 GMT+0700 (Indochina Time): GET, /add
Thu Dec 06 2018 15:39:24 GMT+0700 (Indochina Time): GET, /list
Thu Dec 06 2018 15:39:47 GMT+0700 (Indochina Time): GET, /list
Thu Dec 06 2018 15:39:54 GMT+0700 (Indochina Time): GET, /list
Thu Dec 06 2018 15:39:55 GMT+0700 (Indochina Time): GET, /list
Thu Dec 06 2018 15:39:59 GMT+0700 (Indochina Time): GET, /list
Thu Dec 06 2018 15:40:04 GMT+0700 (Indochina Time): GET, /list
Thu Dec 06 2018 15:40:11 GMT+0700 (Indochina Time): GET, /list
Thu Dec 06 2018 15:40:12 GMT+0700 (Indochina Time): GET, /list
Thu Dec 06 2018 15:40:17 GMT+0700 (Indochina Time): GET, /list
Thu Dec 06 2018 15:40:20 GMT+0700 (Indochina Time): GET, /
Thu Dec 06 2018 15:40:21 GMT+0700 (Indochina Time): GET, /list
Thu Dec 06 2018 15:40:22 GMT+0700 (Indochina Time): GET, /add
Thu Dec 06 2018 15:40:23 GMT+0700 (Indochina Time): GET, /list
Thu Dec 06 2018 15:40:25 GMT+0700 (Indochina Time): GET, /add
Thu Dec 06 2018 15:40:26 GMT+0700 (Indochina Time): GET, /
Thu Dec 06 2018 15:40:27 GMT+0700 (Indochina Time): GET, /add
Thu Dec 06 2018 15:40:28 GMT+0700 (Indochina Time): GET, /list
Thu Dec 06 2018 15:40:31 GMT+0700 (Indochina Time): GET, /add
Thu Dec 06 2018 15:41:08 GMT+0700 (Indochina Time): GET, /list
Thu Dec 06 2018 15:41:13 GMT+0700 (Indochina Time): GET, /
Thu Dec 06 2018 15:41:15 GMT+0700 (Indochina Time): GET, /list
Thu Dec 06 2018 15:41:15 GMT+0700 (Indochina Time): GET, /add
Thu Dec 06 2018 15:41:19 GMT+0700 (Indochina Time): POST, /add
Thu Dec 06 2018 15:41:19 GMT+0700 (Indochina Time): GET, /add?success=true
Thu Dec 06 2018 15:41:21 GMT+0700 (Indochina Time): GET, /
Thu Dec 06 2018 15:41:22 GMT+0700 (Indochina Time): GET, /list
Thu Dec 06 2018 15:41:49 GMT+0700 (Indochina Time): GET, /list
Thu Dec 06 2018 15:41:50 GMT+0700 (Indochina Time): GET, /add
Thu Dec 06 2018 15:41:55 GMT+0700 (Indochina Time): POST, /add
Thu Dec 06 2018 15:41:55 GMT+0700 (Indochina Time): GET, /add?success=true
Thu Dec 06 2018 15:42:40 GMT+0700 (Indochina Time): POST, /add
Thu Dec 06 2018 15:42:40 GMT+0700 (Indochina Time): GET, /add?success=true
Thu Dec 06 2018 15:42:53 GMT+0700 (Indochina Time): GET, /list
Thu Dec 06 2018 15:42:56 GMT+0700 (Indochina Time): GET, /add
Thu Dec 06 2018 15:43:03 GMT+0700 (Indochina Time): POST, /add
Thu Dec 06 2018 15:43:03 GMT+0700 (Indochina Time): GET, /add?success=true
Thu Dec 06 2018 15:43:05 GMT+0700 (Indochina Time): GET, /list
Thu Dec 06 2018 15:44:07 GMT+0700 (Indochina Time): POST, /delete
Thu Dec 06 2018 15:44:07 GMT+0700 (Indochina Time): GET, /list
Thu Dec 06 2018 15:44:09 GMT+0700 (Indochina Time): POST, /delete
Thu Dec 06 2018 15:44:09 GMT+0700 (Indochina Time): GET, /list
Thu Dec 06 2018 15:44:27 GMT+0700 (Indochina Time): POST, /update
Thu Dec 06 2018 15:44:28 GMT+0700 (Indochina Time): GET, /list
Thu Dec 06 2018 15:44:43 GMT+0700 (Indochina Time): GET, /add
Thu Dec 06 2018 15:44:50 GMT+0700 (Indochina Time): POST, /add
Thu Dec 06 2018 15:44:50 GMT+0700 (Indochina Time): GET, /add?success=true
Thu Dec 06 2018 15:44:51 GMT+0700 (Indochina Time): GET, /list
Thu Dec 06 2018 15:44:59 GMT+0700 (Indochina Time): GET, /add
Thu Dec 06 2018 15:45:00 GMT+0700 (Indochina Time): GET, /
Thu Dec 06 2018 15:46:39 GMT+0700 (Indochina Time): GET, /
Thu Dec 06 2018 15:49:32 GMT+0700 (Indochina Time): GET, /
Thu Dec 06 2018 15:49:33 GMT+0700 (Indochina Time): GET, /add
Thu Dec 06 2018 15:49:35 GMT+0700 (Indochina Time): POST, /add
Thu Dec 06 2018 15:49:35 GMT+0700 (Indochina Time): GET, /add?success=true
Thu Dec 06 2018 15:49:36 GMT+0700 (Indochina Time): GET, /list
Thu Dec 06 2018 15:49:39 GMT+0700 (Indochina Time): POST, /delete
Thu Dec 06 2018 15:49:39 GMT+0700 (Indochina Time): GET, /list
Thu Dec 06 2018 15:49:41 GMT+0700 (Indochina Time): GET, /
Thu Dec 06 2018 15:50:16 GMT+0700 (Indochina Time): GET, /
Thu Dec 06 2018 15:50:25 GMT+0700 (Indochina Time): GET, /
Thu Dec 06 2018 15:52:24 GMT+0700 (Indochina Time): GET, /
Thu Dec 06 2018 15:52:24 GMT+0700 (Indochina Time): GET, /images/TuLinh.jpg
Thu Dec 06 2018 15:52:34 GMT+0700 (Indochina Time): GET, /images/TuLinh.jpg
Thu Dec 06 2018 15:52:42 GMT+0700 (Indochina Time): GET, /images/TuLinh.jpg
Thu Dec 06 2018 15:52:43 GMT+0700 (Indochina Time): GET, /
Thu Dec 06 2018 15:52:45 GMT+0700 (Indochina Time): GET, /
Thu Dec 06 2018 15:53:05 GMT+0700 (Indochina Time): GET, /
Thu Dec 06 2018 15:53:11 GMT+0700 (Indochina Time): GET, /
Thu Dec 06 2018 15:53:18 GMT+0700 (Indochina Time): GET, /
Thu Dec 06 2018 15:53:39 GMT+0700 (Indochina Time): GET, /
Thu Dec 06 2018 15:53:45 GMT+0700 (Indochina Time): GET, /
Thu Dec 06 2018 15:54:20 GMT+0700 (Indochina Time): GET, /
Thu Dec 06 2018 15:54:21 GMT+0700 (Indochina Time): GET, /
Thu Dec 06 2018 15:54:25 GMT+0700 (Indochina Time): GET, /
Thu Dec 06 2018 15:54:58 GMT+0700 (Indochina Time): GET, /
Thu Dec 06 2018 15:55:15 GMT+0700 (Indochina Time): GET, /
Thu Dec 06 2018 15:55:21 GMT+0700 (Indochina Time): GET, /
Thu Dec 06 2018 15:55:32 GMT+0700 (Indochina Time): GET, /
Thu Dec 06 2018 15:55:33 GMT+0700 (Indochina Time): GET, /
Thu Dec 06 2018 15:57:24 GMT+0700 (Indochina Time): GET, /
Thu Dec 06 2018 16:02:35 GMT+0700 (Indochina Time): GET, /
Thu Dec 06 2018 16:02:44 GMT+0700 (Indochina Time): GET, /list
Thu Dec 06 2018 16:02:45 GMT+0700 (Indochina Time): GET, /add
Thu Dec 06 2018 16:02:46 GMT+0700 (Indochina Time): GET, /
Thu Dec 06 2018 16:02:57 GMT+0700 (Indochina Time): GET, /list
Thu Dec 06 2018 16:03:03 GMT+0700 (Indochina Time): GET, /list
Thu Dec 06 2018 16:03:04 GMT+0700 (Indochina Time): GET, /add
Thu Dec 06 2018 16:03:05 GMT+0700 (Indochina Time): GET, /list
Thu Dec 06 2018 16:03:06 GMT+0700 (Indochina Time): GET, /add
Thu Dec 06 2018 16:03:07 GMT+0700 (Indochina Time): GET, /list
Thu Dec 06 2018 16:03:08 GMT+0700 (Indochina Time): GET, /
Thu Dec 06 2018 16:03:09 GMT+0700 (Indochina Time): GET, /add
Thu Dec 06 2018 16:03:10 GMT+0700 (Indochina Time): GET, /list
Thu Dec 06 2018 16:09:05 GMT+0700 (Indochina Time): GET, /add
Thu Dec 06 2018 16:09:06 GMT+0700 (Indochina Time): GET, /list
Thu Dec 06 2018 16:09:06 GMT+0700 (Indochina Time): GET, /
Thu Dec 06 2018 16:09:10 GMT+0700 (Indochina Time): GET, /list
Thu Dec 06 2018 16:09:11 GMT+0700 (Indochina Time): GET, /add
Thu Dec 06 2018 16:09:12 GMT+0700 (Indochina Time): GET, /list
Thu Dec 06 2018 16:09:15 GMT+0700 (Indochina Time): GET, /
Thu Dec 06 2018 16:09:17 GMT+0700 (Indochina Time): GET, /list
Thu Dec 06 2018 16:09:18 GMT+0700 (Indochina Time): GET, /add
Thu Dec 06 2018 16:09:19 GMT+0700 (Indochina Time): GET, /list
Thu Dec 06 2018 16:09:20 GMT+0700 (Indochina Time): GET, /
Fri Dec 07 2018 08:54:47 GMT+0700 (Indochina Time): GET, /
Fri Dec 07 2018 08:54:53 GMT+0700 (Indochina Time): GET, /list
Fri Dec 07 2018 08:55:06 GMT+0700 (Indochina Time): GET, /add
Fri Dec 07 2018 08:55:13 GMT+0700 (Indochina Time): GET, /
Fri Dec 07 2018 08:56:23 GMT+0700 (Indochina Time): GET, /
Fri Dec 07 2018 08:56:24 GMT+0700 (Indochina Time): GET, /
Fri Dec 07 2018 08:56:42 GMT+0700 (Indochina Time): GET, /
Fri Dec 07 2018 08:56:54 GMT+0700 (Indochina Time): GET, /
Fri Dec 07 2018 08:57:00 GMT+0700 (Indochina Time): GET, /
Fri Dec 07 2018 08:57:01 GMT+0700 (Indochina Time): GET, /
Fri Dec 07 2018 08:57:08 GMT+0700 (Indochina Time): GET, /
Fri Dec 07 2018 08:58:52 GMT+0700 (Indochina Time): GET, /
Fri Dec 07 2018 08:59:26 GMT+0700 (Indochina Time): GET, /
Fri Dec 07 2018 08:59:32 GMT+0700 (Indochina Time): GET, /
Fri Dec 07 2018 08:59:38 GMT+0700 (Indochina Time): GET, /
Fri Dec 07 2018 08:59:43 GMT+0700 (Indochina Time): GET, /
Fri Dec 07 2018 08:59:47 GMT+0700 (Indochina Time): GET, /
Fri Dec 07 2018 09:01:14 GMT+0700 (Indochina Time): GET, /
Fri Dec 07 2018 09:01:23 GMT+0700 (Indochina Time): GET, /
Fri Dec 07 2018 09:01:41 GMT+0700 (Indochina Time): GET, /
Fri Dec 07 2018 09:05:03 GMT+0700 (Indochina Time): GET, /
Fri Dec 07 2018 09:05:34 GMT+0700 (Indochina Time): GET, /
Fri Dec 07 2018 09:05:35 GMT+0700 (Indochina Time): GET, /
Fri Dec 07 2018 09:05:37 GMT+0700 (Indochina Time): GET, /
Fri Dec 07 2018 09:05:55 GMT+0700 (Indochina Time): GET, /
Fri Dec 07 2018 09:06:08 GMT+0700 (Indochina Time): GET, /
Fri Dec 07 2018 09:06:52 GMT+0700 (Indochina Time): GET, /
Fri Dec 07 2018 09:07:47 GMT+0700 (Indochina Time): GET, /
Fri Dec 07 2018 09:08:52 GMT+0700 (Indochina Time): GET, /
Fri Dec 07 2018 09:09:24 GMT+0700 (Indochina Time): GET, /
Fri Dec 07 2018 09:09:59 GMT+0700 (Indochina Time): GET, /
Fri Dec 07 2018 09:10:06 GMT+0700 (Indochina Time): GET, /
Fri Dec 07 2018 09:10:12 GMT+0700 (Indochina Time): GET, /
Fri Dec 07 2018 09:11:41 GMT+0700 (Indochina Time): GET, /
Fri Dec 07 2018 09:11:50 GMT+0700 (Indochina Time): GET, /
Fri Dec 07 2018 09:11:50 GMT+0700 (Indochina Time): GET, /
Fri Dec 07 2018 09:12:21 GMT+0700 (Indochina Time): GET, /
Fri Dec 07 2018 09:13:08 GMT+0700 (Indochina Time): GET, /
Fri Dec 07 2018 09:13:19 GMT+0700 (Indochina Time): GET, /
Fri Dec 07 2018 09:13:23 GMT+0700 (Indochina Time): GET, /
Fri Dec 07 2018 09:13:29 GMT+0700 (Indochina Time): GET, /
Fri Dec 07 2018 09:13:37 GMT+0700 (Indochina Time): GET, /
Fri Dec 07 2018 09:13:41 GMT+0700 (Indochina Time): GET, /
Fri Dec 07 2018 09:14:16 GMT+0700 (Indochina Time): GET, /
Fri Dec 07 2018 09:14:27 GMT+0700 (Indochina Time): GET, /
Fri Dec 07 2018 09:14:27 GMT+0700 (Indochina Time): GET, /
Fri Dec 07 2018 09:14:33 GMT+0700 (Indochina Time): GET, /
Fri Dec 07 2018 09:14:39 GMT+0700 (Indochina Time): GET, /
Fri Dec 07 2018 09:14:40 GMT+0700 (Indochina Time): GET, /
Fri Dec 07 2018 09:14:44 GMT+0700 (Indochina Time): GET, /
Fri Dec 07 2018 09:14:50 GMT+0700 (Indochina Time): GET, /
Fri Dec 07 2018 09:14:55 GMT+0700 (Indochina Time): GET, /
Fri Dec 07 2018 09:15:01 GMT+0700 (Indochina Time): GET, /
Fri Dec 07 2018 09:15:07 GMT+0700 (Indochina Time): GET, /
Fri Dec 07 2018 09:16:40 GMT+0700 (Indochina Time): GET, /
Fri Dec 07 2018 09:16:46 GMT+0700 (Indochina Time): GET, /
Fri Dec 07 2018 09:16:51 GMT+0700 (Indochina Time): GET, /
Fri Dec 07 2018 09:17:08 GMT+0700 (Indochina Time): GET, /
Fri Dec 07 2018 09:17:14 GMT+0700 (Indochina Time): GET, /
Fri Dec 07 2018 09:17:20 GMT+0700 (Indochina Time): GET, /
Fri Dec 07 2018 09:17:45 GMT+0700 (Indochina Time): GET, /
Fri Dec 07 2018 09:17:53 GMT+0700 (Indochina Time): GET, /
Fri Dec 07 2018 09:17:59 GMT+0700 (Indochina Time): GET, /
Fri Dec 07 2018 09:18:04 GMT+0700 (Indochina Time): GET, /
Fri Dec 07 2018 09:18:30 GMT+0700 (Indochina Time): GET, /
Fri Dec 07 2018 09:18:42 GMT+0700 (Indochina Time): GET, /
Fri Dec 07 2018 09:18:49 GMT+0700 (Indochina Time): GET, /
Fri Dec 07 2018 09:19:02 GMT+0700 (Indochina Time): GET, /
Fri Dec 07 2018 09:19:07 GMT+0700 (Indochina Time): GET, /
Fri Dec 07 2018 09:19:11 GMT+0700 (Indochina Time): GET, /
Fri Dec 07 2018 09:19:18 GMT+0700 (Indochina Time): GET, /
Fri Dec 07 2018 09:19:23 GMT+0700 (Indochina Time): GET, /
Fri Dec 07 2018 09:19:26 GMT+0700 (Indochina Time): GET, /
Fri Dec 07 2018 09:19:29 GMT+0700 (Indochina Time): GET, /
Fri Dec 07 2018 09:19:38 GMT+0700 (Indochina Time): GET, /
Fri Dec 07 2018 09:30:16 GMT+0700 (Indochina Time): GET, /
Fri Dec 07 2018 09:30:20 GMT+0700 (Indochina Time): GET, /
Fri Dec 07 2018 09:30:30 GMT+0700 (Indochina Time): GET, /
Fri Dec 07 2018 09:30:31 GMT+0700 (Indochina Time): GET, /list
Fri Dec 07 2018 09:30:32 GMT+0700 (Indochina Time): GET, /add
Fri Dec 07 2018 09:30:33 GMT+0700 (Indochina Time): GET, /list
Fri Dec 07 2018 09:30:34 GMT+0700 (Indochina Time): GET, /
Fri Dec 07 2018 09:30:34 GMT+0700 (Indochina Time): GET, /list
Fri Dec 07 2018 09:30:35 GMT+0700 (Indochina Time): GET, /
Fri Dec 07 2018 09:31:42 GMT+0700 (Indochina Time): GET, /
Fri Dec 07 2018 09:33:38 GMT+0700 (Indochina Time): GET, /
Fri Dec 07 2018 09:33:43 GMT+0700 (Indochina Time): GET, /
Fri Dec 07 2018 09:34:47 GMT+0700 (Indochina Time): GET, /
Fri Dec 07 2018 09:36:01 GMT+0700 (Indochina Time): GET, /
Fri Dec 07 2018 09:36:32 GMT+0700 (Indochina Time): GET, /
Fri Dec 07 2018 09:36:37 GMT+0700 (Indochina Time): GET, /
Fri Dec 07 2018 09:37:14 GMT+0700 (Indochina Time): GET, /
Fri Dec 07 2018 09:37:15 GMT+0700 (Indochina Time): GET, /
Fri Dec 07 2018 09:37:19 GMT+0700 (Indochina Time): GET, /
Fri Dec 07 2018 09:44:57 GMT+0700 (Indochina Time): GET, /
Fri Dec 07 2018 09:44:58 GMT+0700 (Indochina Time): GET, /
Fri Dec 07 2018 09:45:03 GMT+0700 (Indochina Time): GET, /
Fri Dec 07 2018 09:45:30 GMT+0700 (Indochina Time): GET, /
Fri Dec 07 2018 09:45:49 GMT+0700 (Indochina Time): GET, /
Fri Dec 07 2018 09:47:38 GMT+0700 (Indochina Time): GET, /
Fri Dec 07 2018 09:48:21 GMT+0700 (Indochina Time): GET, /
Fri Dec 07 2018 10:01:21 GMT+0700 (Indochina Time): GET, /
Fri Dec 07 2018 10:03:37 GMT+0700 (Indochina Time): GET, /
Fri Dec 07 2018 10:03:37 GMT+0700 (Indochina Time): GET, /facebook.jpg
Fri Dec 07 2018 10:03:48 GMT+0700 (Indochina Time): GET, /
Fri Dec 07 2018 10:04:12 GMT+0700 (Indochina Time): GET, /
Fri Dec 07 2018 10:04:18 GMT+0700 (Indochina Time): GET, /
Fri Dec 07 2018 10:04:30 GMT+0700 (Indochina Time): GET, /
Fri Dec 07 2018 10:05:12 GMT+0700 (Indochina Time): GET, /
Fri Dec 07 2018 10:05:45 GMT+0700 (Indochina Time): GET, /
Fri Dec 07 2018 10:08:14 GMT+0700 (Indochina Time): GET, /
Fri Dec 07 2018 10:08:19 GMT+0700 (Indochina Time): GET, /
Fri Dec 07 2018 10:08:32 GMT+0700 (Indochina Time): GET, /
Fri Dec 07 2018 12:08:34 GMT+0700 (Indochina Time): GET, /
Fri Dec 07 2018 12:09:32 GMT+0700 (Indochina Time): GET, /
Fri Dec 07 2018 12:12:05 GMT+0700 (Indochina Time): GET, /
Fri Dec 07 2018 12:12:10 GMT+0700 (Indochina Time): GET, /
Fri Dec 07 2018 12:15:46 GMT+0700 (Indochina Time): GET, /
Fri Dec 07 2018 12:52:15 GMT+0700 (Indochina Time): GET, /
Fri Dec 07 2018 12:52:17 GMT+0700 (Indochina Time): GET, /list
Fri Dec 07 2018 12:52:18 GMT+0700 (Indochina Time): GET, /add
Fri Dec 07 2018 12:52:19 GMT+0700 (Indochina Time): GET, /list
Fri Dec 07 2018 12:52:20 GMT+0700 (Indochina Time): GET, /
Fri Dec 07 2018 12:52:21 GMT+0700 (Indochina Time): GET, /list
Fri Dec 07 2018 12:52:21 GMT+0700 (Indochina Time): GET, /add
Fri Dec 07 2018 12:52:23 GMT+0700 (Indochina Time): GET, /
Fri Dec 07 2018 12:53:29 GMT+0700 (Indochina Time): GET, /list
Fri Dec 07 2018 12:53:38 GMT+0700 (Indochina Time): POST, /delete
Fri Dec 07 2018 12:53:38 GMT+0700 (Indochina Time): GET, /list
Fri Dec 07 2018 12:54:01 GMT+0700 (Indochina Time): GET, /list
Fri Dec 07 2018 12:54:35 GMT+0700 (Indochina Time): GET, /list
Fri Dec 07 2018 12:54:36 GMT+0700 (Indochina Time): GET, /list
Fri Dec 07 2018 12:54:46 GMT+0700 (Indochina Time): GET, /list
Fri Dec 07 2018 12:54:47 GMT+0700 (Indochina Time): GET, /
Fri Dec 07 2018 12:55:56 GMT+0700 (Indochina Time): GET, /add
Fri Dec 07 2018 12:55:59 GMT+0700 (Indochina Time): GET, /list
Fri Dec 07 2018 12:56:07 GMT+0700 (Indochina Time): GET, /add
Fri Dec 07 2018 12:56:09 GMT+0700 (Indochina Time): GET, /list
Fri Dec 07 2018 12:56:10 GMT+0700 (Indochina Time): GET, /add
Fri Dec 07 2018 12:57:16 GMT+0700 (Indochina Time): GET, /
Fri Dec 07 2018 12:57:17 GMT+0700 (Indochina Time): GET, /list
Fri Dec 07 2018 12:57:19 GMT+0700 (Indochina Time): GET, /todos
Fri Dec 07 2018 13:02:14 GMT+0700 (Indochina Time): GET, /list
Fri Dec 07 2018 13:02:15 GMT+0700 (Indochina Time): GET, /add
Fri Dec 07 2018 13:02:15 GMT+0700 (Indochina Time): GET, /
Fri Dec 07 2018 13:02:16 GMT+0700 (Indochina Time): GET, /list
Fri Dec 07 2018 13:02:17 GMT+0700 (Indochina Time): GET, /add
Fri Dec 07 2018 13:02:19 GMT+0700 (Indochina Time): GET, /list
Fri Dec 07 2018 13:02:19 GMT+0700 (Indochina Time): GET, /
Fri Dec 07 2018 13:02:20 GMT+0700 (Indochina Time): GET, /add
Fri Dec 07 2018 13:02:20 GMT+0700 (Indochina Time): GET, /add
Fri Dec 07 2018 13:02:21 GMT+0700 (Indochina Time): GET, /list
Fri Dec 07 2018 13:02:22 GMT+0700 (Indochina Time): GET, /
Fri Dec 07 2018 13:02:41 GMT+0700 (Indochina Time): GET, /add
Fri Dec 07 2018 13:17:33 GMT+0700 (Indochina Time): GET, /list
Fri Dec 07 2018 13:17:38 GMT+0700 (Indochina Time): POST, /update
Fri Dec 07 2018 13:17:38 GMT+0700 (Indochina Time): GET, /list
Fri Dec 07 2018 13:17:44 GMT+0700 (Indochina Time): POST, /update
Fri Dec 07 2018 13:17:44 GMT+0700 (Indochina Time): GET, /list
Fri Dec 07 2018 13:17:47 GMT+0700 (Indochina Time): GET, /
Fri Dec 07 2018 16:18:44 GMT+0700 (Indochina Time): GET, /
Fri Dec 07 2018 16:19:12 GMT+0700 (Indochina Time): GET, /
Fri Dec 07 2018 16:19:17 GMT+0700 (Indochina Time): GET, /
Fri Dec 07 2018 16:19:28 GMT+0700 (Indochina Time): GET, /
Fri Dec 07 2018 16:24:23 GMT+0700 (Indochina Time): GET, /
Fri Dec 07 2018 16:24:25 GMT+0700 (Indochina Time): GET, /
Fri Dec 07 2018 16:24:26 GMT+0700 (Indochina Time): GET, /
Fri Dec 07 2018 16:26:00 GMT+0700 (Indochina Time): GET, /
Fri Dec 07 2018 16:26:01 GMT+0700 (Indochina Time): GET, /
Fri Dec 07 2018 16:26:02 GMT+0700 (Indochina Time): GET, /
Fri Dec 07 2018 16:26:10 GMT+0700 (Indochina Time): GET, /
Fri Dec 07 2018 16:26:32 GMT+0700 (Indochina Time): GET, /
Fri Dec 07 2018 16:26:33 GMT+0700 (Indochina Time): GET, /
Fri Dec 07 2018 16:26:55 GMT+0700 (Indochina Time): GET, /
Fri Dec 07 2018 16:27:04 GMT+0700 (Indochina Time): GET, /
Fri Dec 07 2018 16:27:18 GMT+0700 (Indochina Time): GET, /
Fri Dec 07 2018 16:27:27 GMT+0700 (Indochina Time): GET, /
Fri Dec 07 2018 16:27:32 GMT+0700 (Indochina Time): GET, /
Fri Dec 07 2018 16:27:33 GMT+0700 (Indochina Time): GET, /
Fri Dec 07 2018 16:28:06 GMT+0700 (Indochina Time): GET, /
Fri Dec 07 2018 16:28:16 GMT+0700 (Indochina Time): GET, /
Fri Dec 07 2018 16:28:18 GMT+0700 (Indochina Time): GET, /
Fri Dec 07 2018 16:28:25 GMT+0700 (Indochina Time): GET, /
Fri Dec 07 2018 16:28:31 GMT+0700 (Indochina Time): GET, /
Fri Dec 07 2018 16:28:45 GMT+0700 (Indochina Time): GET, /
Fri Dec 07 2018 16:29:19 GMT+0700 (Indochina Time): GET, /
Fri Dec 07 2018 16:29:29 GMT+0700 (Indochina Time): GET, /
Fri Dec 07 2018 16:29:29 GMT+0700 (Indochina Time): GET, /
Fri Dec 07 2018 16:29:35 GMT+0700 (Indochina Time): GET, /
Fri Dec 07 2018 16:29:36 GMT+0700 (Indochina Time): GET, /
Fri Dec 07 2018 16:29:57 GMT+0700 (Indochina Time): GET, /
Fri Dec 07 2018 16:30:05 GMT+0700 (Indochina Time): GET, /
Fri Dec 07 2018 16:30:13 GMT+0700 (Indochina Time): GET, /
Fri Dec 07 2018 16:30:17 GMT+0700 (Indochina Time): GET, /
Fri Dec 07 2018 16:30:38 GMT+0700 (Indochina Time): GET, /
Fri Dec 07 2018 16:30:42 GMT+0700 (Indochina Time): GET, /
Fri Dec 07 2018 16:30:52 GMT+0700 (Indochina Time): GET, /
Fri Dec 07 2018 16:30:57 GMT+0700 (Indochina Time): GET, /
Fri Dec 07 2018 16:31:02 GMT+0700 (Indochina Time): GET, /
Fri Dec 07 2018 16:31:10 GMT+0700 (Indochina Time): GET, /
Fri Dec 07 2018 16:33:53 GMT+0700 (Indochina Time): GET, /
Fri Dec 07 2018 16:34:17 GMT+0700 (Indochina Time): GET, /
Fri Dec 07 2018 16:34:43 GMT+0700 (Indochina Time): GET, /
Fri Dec 07 2018 16:34:56 GMT+0700 (Indochina Time): GET, /
Fri Dec 07 2018 16:34:57 GMT+0700 (Indochina Time): GET, /
Fri Dec 07 2018 16:35:00 GMT+0700 (Indochina Time): GET, /
Fri Dec 07 2018 16:35:01 GMT+0700 (Indochina Time): GET, /
Fri Dec 07 2018 16:35:21 GMT+0700 (Indochina Time): GET, /
Fri Dec 07 2018 16:36:16 GMT+0700 (Indochina Time): GET, /
Fri Dec 07 2018 16:36:25 GMT+0700 (Indochina Time): GET, /
Fri Dec 07 2018 16:36:35 GMT+0700 (Indochina Time): GET, /
Fri Dec 07 2018 16:36:46 GMT+0700 (Indochina Time): GET, /
Fri Dec 07 2018 16:36:55 GMT+0700 (Indochina Time): GET, /
Fri Dec 07 2018 16:37:23 GMT+0700 (Indochina Time): GET, /
Fri Dec 07 2018 16:37:31 GMT+0700 (Indochina Time): GET, /
Fri Dec 07 2018 16:37:42 GMT+0700 (Indochina Time): GET, /
Fri Dec 07 2018 16:39:27 GMT+0700 (Indochina Time): GET, /
Fri Dec 07 2018 16:39:45 GMT+0700 (Indochina Time): GET, /
Fri Dec 07 2018 16:39:46 GMT+0700 (Indochina Time): GET, /
Fri Dec 07 2018 16:39:46 GMT+0700 (Indochina Time): GET, /
Fri Dec 07 2018 16:39:47 GMT+0700 (Indochina Time): GET, /
Fri Dec 07 2018 16:39:47 GMT+0700 (Indochina Time): GET, /
Fri Dec 07 2018 16:40:24 GMT+0700 (Indochina Time): GET, /
Fri Dec 07 2018 16:40:33 GMT+0700 (Indochina Time): GET, /
Fri Dec 07 2018 16:40:37 GMT+0700 (Indochina Time): GET, /
Fri Dec 07 2018 16:40:41 GMT+0700 (Indochina Time): GET, /
Fri Dec 07 2018 16:42:03 GMT+0700 (Indochina Time): GET, /
Fri Dec 07 2018 16:43:22 GMT+0700 (Indochina Time): GET, /
Fri Dec 07 2018 16:43:22 GMT+0700 (Indochina Time): GET, /css/home.css
Fri Dec 07 2018 16:43:23 GMT+0700 (Indochina Time): GET, /
Fri Dec 07 2018 16:43:23 GMT+0700 (Indochina Time): GET, /css/home.css
Fri Dec 07 2018 16:43:26 GMT+0700 (Indochina Time): GET, /css/home.css
Fri Dec 07 2018 16:43:57 GMT+0700 (Indochina Time): GET, /css/home.css
Fri Dec 07 2018 16:44:03 GMT+0700 (Indochina Time): GET, /
Fri Dec 07 2018 16:44:04 GMT+0700 (Indochina Time): GET, /
Fri Dec 07 2018 16:44:04 GMT+0700 (Indochina Time): GET, /css/home.css
Fri Dec 07 2018 16:44:12 GMT+0700 (Indochina Time): GET, /
Fri Dec 07 2018 16:44:13 GMT+0700 (Indochina Time): GET, /
Fri Dec 07 2018 16:44:14 GMT+0700 (Indochina Time): GET, /css/home.css
Fri Dec 07 2018 16:44:20 GMT+0700 (Indochina Time): GET, /
Fri Dec 07 2018 16:44:20 GMT+0700 (Indochina Time): GET, /views/css/home.css
Fri Dec 07 2018 16:44:22 GMT+0700 (Indochina Time): GET, /
Fri Dec 07 2018 16:44:23 GMT+0700 (Indochina Time): GET, /views/css/home.css
Fri Dec 07 2018 16:44:30 GMT+0700 (Indochina Time): GET, /views/css/home.css
Fri Dec 07 2018 16:45:56 GMT+0700 (Indochina Time): GET, /
Fri Dec 07 2018 16:45:56 GMT+0700 (Indochina Time): GET, /views/css/home.css
Fri Dec 07 2018 16:46:00 GMT+0700 (Indochina Time): GET, /
Fri Dec 07 2018 16:46:01 GMT+0700 (Indochina Time): GET, /views/css/home.css
Fri Dec 07 2018 16:46:14 GMT+0700 (Indochina Time): GET, /
Fri Dec 07 2018 16:46:14 GMT+0700 (Indochina Time): GET, /css/home.css
Fri Dec 07 2018 16:46:15 GMT+0700 (Indochina Time): GET, /
Fri Dec 07 2018 16:46:16 GMT+0700 (Indochina Time): GET, /css/home.css
Fri Dec 07 2018 16:46:24 GMT+0700 (Indochina Time): GET, /
Fri Dec 07 2018 16:46:25 GMT+0700 (Indochina Time): GET, /
Fri Dec 07 2018 16:46:25 GMT+0700 (Indochina Time): GET, /css/home.css
Fri Dec 07 2018 16:46:27 GMT+0700 (Indochina Time): GET, /css/home.css
Fri Dec 07 2018 16:47:07 GMT+0700 (Indochina Time): GET, /
Fri Dec 07 2018 16:47:08 GMT+0700 (Indochina Time): GET, /css/home.css
Fri Dec 07 2018 16:47:09 GMT+0700 (Indochina Time): GET, /
Fri Dec 07 2018 16:47:15 GMT+0700 (Indochina Time): GET, /
Fri Dec 07 2018 16:47:17 GMT+0700 (Indochina Time): GET, /css/home.css
Fri Dec 07 2018 16:47:19 GMT+0700 (Indochina Time): GET, /
Fri Dec 07 2018 16:47:19 GMT+0700 (Indochina Time): GET, /css/home.css
Fri Dec 07 2018 16:47:54 GMT+0700 (Indochina Time): GET, /
Fri Dec 07 2018 16:47:55 GMT+0700 (Indochina Time): GET, /
Fri Dec 07 2018 16:47:55 GMT+0700 (Indochina Time): GET, /css/home.css
Fri Dec 07 2018 16:47:56 GMT+0700 (Indochina Time): GET, /
Fri Dec 07 2018 16:47:56 GMT+0700 (Indochina Time): GET, /css/home.css
Fri Dec 07 2018 16:47:56 GMT+0700 (Indochina Time): GET, /
Fri Dec 07 2018 16:47:56 GMT+0700 (Indochina Time): GET, /css/home.css
Fri Dec 07 2018 16:47:56 GMT+0700 (Indochina Time): GET, /
Fri Dec 07 2018 16:47:56 GMT+0700 (Indochina Time): GET, /
Fri Dec 07 2018 16:47:56 GMT+0700 (Indochina Time): GET, /css/home.css
Fri Dec 07 2018 16:48:11 GMT+0700 (Indochina Time): GET, /
Fri Dec 07 2018 16:48:11 GMT+0700 (Indochina Time): GET, /css/home.css
Fri Dec 07 2018 16:48:30 GMT+0700 (Indochina Time): GET, /
Fri Dec 07 2018 16:48:31 GMT+0700 (Indochina Time): GET, /css/home.css
Fri Dec 07 2018 16:48:33 GMT+0700 (Indochina Time): GET, /
Fri Dec 07 2018 16:48:33 GMT+0700 (Indochina Time): GET, /css/home.css
Fri Dec 07 2018 16:49:54 GMT+0700 (Indochina Time): GET, /
Fri Dec 07 2018 16:49:57 GMT+0700 (Indochina Time): GET, /
Fri Dec 07 2018 16:50:08 GMT+0700 (Indochina Time): GET, /
Fri Dec 07 2018 16:50:08 GMT+0700 (Indochina Time): GET, /css/home.css
Fri Dec 07 2018 16:50:09 GMT+0700 (Indochina Time): GET, /
Fri Dec 07 2018 16:50:09 GMT+0700 (Indochina Time): GET, /css/home.css
Fri Dec 07 2018 16:50:12 GMT+0700 (Indochina Time): GET, /
Fri Dec 07 2018 16:51:01 GMT+0700 (Indochina Time): GET, /
Fri Dec 07 2018 16:51:40 GMT+0700 (Indochina Time): GET, /
Fri Dec 07 2018 16:51:42 GMT+0700 (Indochina Time): GET, /
Fri Dec 07 2018 16:51:55 GMT+0700 (Indochina Time): GET, /
Fri Dec 07 2018 16:52:17 GMT+0700 (Indochina Time): GET, /
Fri Dec 07 2018 16:55:04 GMT+0700 (Indochina Time): GET, /
Fri Dec 07 2018 16:55:23 GMT+0700 (Indochina Time): GET, /
Fri Dec 07 2018 16:55:48 GMT+0700 (Indochina Time): GET, /
Fri Dec 07 2018 16:56:16 GMT+0700 (Indochina Time): GET, /
Fri Dec 07 2018 16:56:51 GMT+0700 (Indochina Time): GET, /list
Fri Dec 07 2018 16:56:52 GMT+0700 (Indochina Time): GET, /
Fri Dec 07 2018 16:58:44 GMT+0700 (Indochina Time): GET, /
Fri Dec 07 2018 16:58:46 GMT+0700 (Indochina Time): GET, /
Fri Dec 07 2018 16:58:50 GMT+0700 (Indochina Time): GET, /
Fri Dec 07 2018 16:58:50 GMT+0700 (Indochina Time): GET, /
Fri Dec 07 2018 16:58:50 GMT+0700 (Indochina Time): GET, /
Fri Dec 07 2018 16:58:51 GMT+0700 (Indochina Time): GET, /
Fri Dec 07 2018 16:59:11 GMT+0700 (Indochina Time): GET, /
Fri Dec 07 2018 16:59:36 GMT+0700 (Indochina Time): GET, /
Fri Dec 07 2018 16:59:38 GMT+0700 (Indochina Time): GET, /
Fri Dec 07 2018 16:59:41 GMT+0700 (Indochina Time): GET, /
Fri Dec 07 2018 16:59:42 GMT+0700 (Indochina Time): GET, /
Fri Dec 07 2018 16:59:44 GMT+0700 (Indochina Time): GET, /
Fri Dec 07 2018 17:00:10 GMT+0700 (Indochina Time): GET, /
Fri Dec 07 2018 17:00:22 GMT+0700 (Indochina Time): GET, /
Fri Dec 07 2018 17:00:23 GMT+0700 (Indochina Time): GET, /
Fri Dec 07 2018 17:00:28 GMT+0700 (Indochina Time): GET, /
Fri Dec 07 2018 17:01:07 GMT+0700 (Indochina Time): GET, /
Fri Dec 07 2018 17:03:32 GMT+0700 (Indochina Time): GET, /
Fri Dec 07 2018 17:03:50 GMT+0700 (Indochina Time): GET, /
Fri Dec 07 2018 17:04:15 GMT+0700 (Indochina Time): GET, /
Fri Dec 07 2018 17:04:46 GMT+0700 (Indochina Time): GET, /
Fri Dec 07 2018 17:04:47 GMT+0700 (Indochina Time): GET, /
Fri Dec 07 2018 17:04:59 GMT+0700 (Indochina Time): GET, /
Fri Dec 07 2018 17:05:00 GMT+0700 (Indochina Time): GET, /
Fri Dec 07 2018 17:05:16 GMT+0700 (Indochina Time): GET, /
Fri Dec 07 2018 17:06:36 GMT+0700 (Indochina Time): GET, /
Fri Dec 07 2018 17:07:03 GMT+0700 (Indochina Time): GET, /
Fri Dec 07 2018 17:07:15 GMT+0700 (Indochina Time): GET, /
Fri Dec 07 2018 17:07:20 GMT+0700 (Indochina Time): GET, /
Fri Dec 07 2018 17:08:30 GMT+0700 (Indochina Time): GET, /
Fri Dec 07 2018 17:11:26 GMT+0700 (Indochina Time): GET, /list
Fri Dec 07 2018 17:11:30 GMT+0700 (Indochina Time): GET, /add
Fri Dec 07 2018 17:11:31 GMT+0700 (Indochina Time): GET, /list
Fri Dec 07 2018 17:11:32 GMT+0700 (Indochina Time): GET, /add
Fri Dec 07 2018 17:11:32 GMT+0700 (Indochina Time): GET, /list
Fri Dec 07 2018 17:11:33 GMT+0700 (Indochina Time): GET, /
Fri Dec 07 2018 17:11:36 GMT+0700 (Indochina Time): GET, /add
Fri Dec 07 2018 17:11:36 GMT+0700 (Indochina Time): GET, /list
Fri Dec 07 2018 17:11:37 GMT+0700 (Indochina Time): GET, /
Fri Dec 07 2018 17:13:38 GMT+0700 (Indochina Time): GET, /
